node   1  (   0,    0) (   9,    3) (  29,    4) (  44,    6) (  65,   25) (  81,   63) (  81,   85) (  81,   93) (  81,   81) (  81,   81)
          (  81,   81) (  81,   81) (  81,   81) (  81,   81) (  81,   81) (  81,   81) (  81,   81) (  81,   81) (  81,   81) (  81,   81)
          (  81,   81) (  81,   81) (  81,   81) (  81,   81) (  81,   81) (  81,   81) (  81,   81) (  81,   81) (  81,   81) (  81,   81)
          (  81,   81) (  81,   81) (  81,   81) (  81,   81) (  81,   81) (  81,   81) (  81,   81) (  81,   81) (  81,   81) (  81,   81)
          (  81,   81) (  81,   81) (  81,   81) (  81,   81) (  81,   81) (  81,   81) (  81,   81) (  81,   81) (  81,   81) (  81,   81)
          (  81,   81) (  73,   81) (  64,   74) (  77,   70) (  60,   67) (  92,   72) (  72,   72) (  77,   71) (  66,   74) (  80,   73)
          (  63,   68) (  60,   70) (  86,   75) (  74,   69) (  78,   74) (  59,   70) (  85,   74) (  70,   76) (  58,   66) ( 101,   74)
          (  67,   72) (  74,   71) (  67,   76) (  76,   68) (  71,   68) (  77,   80) (  56,   67) (  75,   69) (  87,   75) (  64,   66)
          (  79,   77) (  74,   69) (  66,   68) (  71,   81) (  74,   74) (  65,   74) (  74,   70) (  81,   72) (  58,   70) (  76,   71)
          (  65,   75) (  80,   74) (  71,   74) (  51,   72) (  90,   75) (  63,   66) (  78,   72) (  62,   70) (  83,   69) (  56,   72)
          (  85,   77) (  64,   75) (  73,   61) (  66,   60) (  62,   56) (  58,   59) (  57,   52) (  68,   56) (  67,   58) (  48,   54)
          (  56,   61) (  52,   54) (  61,   56) (  58,   55) (  64,   63) (  53,   57) (  59,   51) (  59,   63) (  65,   53) (  51,   60)
          (  61,   58) (  57,   54) (  53,   67) (  57,   56) (  59,   56) (  55,   59) (  52,   58) (  59,   55) (  43,   63) (  72,   59)
          (  59,   60) (  58,   59) (  45,   55) (  71,   50) (  58,   61) (  60,   60) (  59,   58) (  57,   56) (  41,   56) (  70,   51)
          (  60,   59) (  46,   62) (  56,   53) (  58,   57) (  56,   59) (  57,   60) (  52,   63) (  56,   53) (  60,   56) (  58,   59)
          (  50,   54) (  65,   56) (  55,   59) (  53,   61) (  59,   50) (  43,   59) (  53,   52) (  63,   61) (  58,   57) (  63,   57)
          (  50,   57) (  48,   57) (  65,   58) (  67,   61) (  58,   61) (  61,   56) (  59,   59) (  44,   53) (  55,   59) (  58,   59)
          (  57,   61) (  62,   56) (  58,   65) (  57,   57) (  55,   56) (  48,   58) (  67,   55) (  43,   62) (  67,   59) (  59,   52)
          (  57,   61) (  60,   58) (  56,   58) (  56,   57) (  53,   53) (  64,   55) (  52,   55) (  55,   49) (  51,   51) (  72,   57)
          (  50,   63) (  64,   52) (  55,   60) (  56,   58) (  64,   55) (  59,   58) (  43,   58) (  51,   46) (  72,   53) (  58,   58)
          (  58,   57) (  58,   55) (  54,   54) (  59,   62) (  50,   58) (  60,   59) (  49,   48) (  61,   61) (  62,   57) (  41,   58)
          (  53,   55) (  45,   52) (  55,   58) (  66,   54) (  63,   59) (  63,   61) (  60,   54) (  54,   53) (  61,   62) (  50,   52)
          (  58,   57) (  61,   63) (  61,   59) (  51,   56) (  59,   56) (  50,   60) (  56,   58) (  58,   63) (  48,   56) (  55,   56)
          (  66,   54) (  58,   60) (  45,   53) (  60,   61) (  74,   54) (  58,   58) (  54,   59) (  54,   56) (  66,   57) (  59,   63)
          (  61,   55) (  61,   59) (  59,   59) (  60,   58) (  53,   50) (  59,   62) (  51,   57) (  59,   56) (  56,   60) (  67,   52)
          (  56,   61) (  60,   57) (  47,   58) (  66,   56) (  57,   60) (  46,   59) (  63,   59) (  66,   55) (  45,   58) (  51,   58)
          (  51,   52) (  82,   63) (  50,   56) (  65,   54) (  38,   56) (  68,   52) (  56,   57) (  47,   63) (  70,   58) (  57,   56)
          (  58,   57) (  52,   58) (  41,   56) (  66,   56) (  59,   61) (  57,   55) (  59,   56) (  48,   58) (  64,   54) (  44,   56)
          (  71,   62) (  52,   57) (  52,   58) (  54,   55) (  54,   57) (  59,   52) (  62,   54) (  44,   52) (  64,   62) (  59,   59)
          (  53,   56) (  57,   52) (  61,   59) (  52,   56) (  53,   51) (  58,   58) (  66,   62) (  58,   50) (  53,   62) (  52,   53)
          (  55,   59) (  71,   57) (  64,   62) (  64,   69) (  64,   64) (  64,   64) (  64,   64) (  64,   64) (  64,   64) (  64,   64)
          (  64,   64) (  64,   64) (  64,   64) (  64,   64) (  64,   64) (  64,   64) (  64,   64) (  64,   64) (  64,   64) (  64,   64)
          (  64,   64) (  64,   64) (  64,   64) (  64,   64) (  64,   64) (  64,   64) (  64,   64) (  64,   64) (  64,   64) (  64,   64)
          (  64,   64) (  64,   64) (  64,   64) (  64,   64) (  64,   64) (  64,   64) (  64,   64) (  64,   64) (  64,   64) (  64,   64)
          (  64,   64) (  64,   64) (  64,   64) (  64,   64) (  64,   64) (  64,   64) (  64,   64) (  64,   64) (  64,   64) (  64,   64)
          (  64,   64) (  64,   64) (  64,   64) (  64,   64) (  64,   64) (  64,   64) (  64,   64) (  64,   64) (  64,   64) (  64,   64)
          (  64,   64) (  64,   64) (  64,   64) (  64,   64) (  64,   64) (  64,   64) (  64,   64) (  64,   64) (  64,   64) (  64,   64)
          (  64,   64) (  64,   64) (  64,   64) (  64,   64) (  64,   64) (  64,   64) (  64,   64) (  64,   64) (  64,   64) (  64,   64)
          (  64,   64) (  64,   64) (  64,   64) (  64,   64) (  64,   64) (  64,   64) (  64,   64) (  64,   64) (  64,   64) (  64,   64)
          (  64,   64) (  64,   64) (  64,   64) (  64,   64) (  64,   64) (  64,   64) (  64,   64) (  64,   64) (  64,   64) (  64,   64)
          (  64,   64) (  64,   64) (  64,   64) (  64,   64) (  64,   64) (  64,   64) (  64,   64) (  64,   64) (  64,   64) (  64,   64)
          (  64,   64) (  64,   64) (  64,   64) (  64,   64) (  64,   64) (  64,   64) (  64,   64) (  64,   64) (  64,   64) (  64,   64)
          (  64,   64) (  64,   64) (  64,   64) (  64,   64) (  64,   64) (  64,   64) (  64,   64) (  64,   64) (  64,   64) (  64,   64)
          (  64,   64) (  64,   64) (  64,   64) (  64,   64) (  64,   64) (  64,   64) (  64,   64) (  64,   64) (  64,   64) (  64,   64)
          (  64,   64) (  64,   64) (  64,   64) (  64,   64) (  64,   64) (  64,   64) (  64,   64) (  64,   64) (  64,   64) (  64,   64)
          (  64,   64) (  64,   64) (  64,   64) (  64,   64) (  64,   64) (  64,   64) (  64,   64) (  64,   64) (  64,   64) (  64,   64)
          (  64,   64) (  64,   64) (  64,   64) (  64,   64) (  64,   64) (  64,   64) (  64,   64) (  64,   64) (  64,   64) (  64,   64)
          (  64,   64) (  64,   64) (  64,   64) (  64,   64) (  64,   64) (  64,   64) (  64,   64) (  64,   64) (  64,   64) (  64,   64)
          (  64,   64) (  64,   64) (  64,   64) (  64,   64) (  64,   64) (  64,   64) (  64,   64) (  64,   64) (  64,   64) (  64,   64)
          (  64,   64) (  64,   64) (  64,   64) (  64,   64) (  64,   64) (  64,   64) (  64,   64) (  64,   64) (  64,   64) (  64,   64)
          (  64,   64) (  64,   64) (  64,   64) (  64,   64) (  64,   64) (  64,   64) (  64,   64) (  64,   64) (  64,   64) (  64,   64)
          (  64,   64) (  64,   64) (  64,   64) (  64,   64) (  64,   64) (  64,   64) (  64,   64) (  64,   64) (  64,   64) (  64,   64)
          (  64,   64) (  64,   64) (  64,   64) (  64,   64) (  64,   64) (  64,   64) (  64,   64) (  64,   64) (  64,   64) (  64,   64)
          (  64,   64) (  64,   64) (  64,   64) (  64,   64) (  64,   64) (  64,   64) (  64,   64) (  64,   64) (  64,   64) (  64,   64)
          (  64,   64) (  64,   64) (  64,   64) (  64,   64) (  64,   64) (  64,   64) (  64,   64) (  64,   64) (  64,   64) (  64,   64)
          (  64,   64) (  64,   64) (  64,   64) (  64,   64) (  64,   64) (  64,   64) (  64,   64) (  64,   64) (  64,   64) (  64,   64)
          (  64,   64) (  64,   64) (  64,   64) (  64,   64) (  64,   64) (  64,   64) (  64,   64) (  64,   64) (  64,   64) (  64,   64)
          (  64,   64) (  64,   64) (  64,   64) (  64,   64) (  64,   64) (  64,   64) (  64,   64) (  64,   64) (  64,   64) (  64,   64)
          (  64,   64) (  64,   64) (  64,   64) (  64,   64) (  64,   64) (  64,   64) (  64,   64) (  64,   64) (  64,   64) (  64,   64)
          (  64,   64) (  64,   64) (  64,   64) (  64,   64) (  64,   64) (  64,   64) (  64,   64) (  64,   64) (  64,   64) (  64,   64)
          (  64,   64) (  64,   64) (  64,   64) (  64,   64) (  64,   64) (  64,   64) (  64,   64) (  64,   64) (  64,   64) (  64,   64)
          (  64,   64) (  64,   64) (  64,   64) (  64,   64) (  64,   64) (  64,   64) (  64,   64) (  64,   64) (  64,   64) (  64,   64)
          (  64,   64) (  64,   64) (  64,   64) (  64,   64) (  64,   64) (  64,   64) (  64,   64) (  64,   64) (  64,   64) (  64,   64)
          (  64,   64) (  64,   64) (  64,   64) (  64,   64) (  64,   64) (  64,   64) (  64,   64) (  64,   64) (  64,   64) (  64,   64)
          (  64,   64) (  64,   64) (  64,   64) (  64,   64) (  64,   64) (  64,   64) (  64,   64) (  64,   64) (  64,   64) (  64,   64)
          (  64,   64) (  64,   64) (  64,   64) (  64,   64) (  64,   64) (  64,   64) (  64,   64) (  64,   64) (  64,   64) (  64,   64)
          (  64,   64) (  64,   64) (  64,   64) (  64,   64) (  64,   64) (  64,   64) (  64,   64) (  64,   64) (  64,   64) (  64,   64)
          (  64,   64) (  64,   64) (  64,   64) (  64,   64) (  64,   64) (  64,   64) (  64,   64) (  64,   64) (  64,   64) (  64,   64)
          (  64,   64) (  64,   64) (  64,   64) (  64,   64) (  64,   64) (  64,   64) (  64,   64) (  64,   64) (  64,   64) (  64,   64)
          (  64,   64) (  64,   64) (  64,   64) (  64,   64) (  64,   64) (  64,   64) (  64,   64) (  64,   64) (  64,   64) (  64,   64)
         
node   1 sent_total  44458  recv_total  44333

node   2  (   1,    0) (   0,    0) (   8,    4) (  27,    5) (  54,   12) (  81,   49) (  97,   72) (  81,   91) (  81,   81) (  81,   81)
          (  81,   81) (  81,   81) (  81,   81) (  81,   81) (  81,   81) (  81,   81) (  81,   81) (  81,   81) (  81,   81) (  81,   81)
          (  81,   81) (  81,   81) (  81,   81) (  81,   81) (  81,   81) (  81,   81) (  81,   81) (  81,   81) (  81,   81) (  81,   81)
          (  81,   81) (  81,   81) (  81,   81) (  81,   81) (  81,   81) (  81,   81) (  81,   81) (  81,   81) (  81,   81) (  81,   81)
          (  81,   81) (  81,   81) (  81,   81) (  81,   81) (  81,   81) (  81,   81) (  81,   81) (  81,   81) (  81,   81) (  81,   81)
          (  81,   81) (  79,   81) (  67,   75) (  70,   65) (  72,   73) (  71,   73) (  60,   71) (  81,   74) (  72,   77) (  51,   70)
          (  66,   69) (  80,   73) (  71,   73) (  67,   74) (  81,   78) (  85,   75) (  73,   66) (  60,   74) (  68,   71) (  70,   73)
          (  77,   76) (  75,   73) (  47,   72) (  74,   69) (  82,   74) (  72,   79) (  71,   72) (  66,   64) (  79,   74) (  79,   71)
          (  64,   72) (  59,   76) (  87,   72) (  73,   82) (  84,   68) (  69,   79) (  73,   69) (  66,   68) (  74,   76) (  67,   66)
          (  81,   72) (  79,   69) (  73,   77) (  69,   70) (  75,   73) (  72,   77) (  71,   71) (  67,   69) (  60,   67) (  80,   71)
          (  80,   68) (  68,   74) (  83,   64) (  61,   59) (  56,   53) (  57,   59) (  67,   51) (  53,   55) (  67,   58) (  59,   60)
          (  61,   63) (  59,   59) (  54,   59) (  51,   54) (  63,   63) (  37,   54) (  73,   55) (  40,   59) (  65,   57) (  56,   55)
          (  50,   57) (  60,   58) (  57,   63) (  51,   56) (  63,   56) (  55,   51) (  47,   58) (  66,   56) (  55,   70) (  45,   49)
          (  59,   61) (  57,   59) (  44,   54) (  62,   55) (  56,   59) (  62,   60) (  46,   51) (  64,   54) (  57,   59) (  57,   50)
          (  59,   62) (  58,   56) (  60,   46) (  47,   55) (  49,   57) (  56,   63) (  50,   57) (  52,   53) (  60,   57) (  62,   55)
          (  47,   59) (  63,   62) (  62,   61) (  44,   57) (  58,   50) (  62,   57) (  57,   53) (  46,   54) (  69,   56) (  53,   54)
          (  61,   61) (  67,   56) (  55,   54) (  48,   62) (  55,   59) (  67,   58) (  50,   55) (  51,   54) (  66,   60) (  54,   54)
          (  53,   60) (  52,   49) (  74,   62) (  49,   57) (  55,   56) (  68,   60) (  59,   53) (  47,   59) (  46,   49) (  62,   61)
          (  57,   63) (  54,   58) (  51,   56) (  52,   60) (  62,   58) (  56,   62) (  58,   57) (  50,   55) (  43,   46) (  75,   60)
          (  45,   57) (  70,   58) (  50,   59) (  53,   56) (  64,   59) (  54,   58) (  51,   59) (  58,   54) (  64,   60) (  50,   54)
          (  56,   61) (  51,   62) (  65,   56) (  45,   53) (  59,   59) (  51,   57) (  67,   55) (  48,   58) (  56,   56) (  66,   60)
          (  47,   52) (  64,   56) (  58,   58) (  48,   52) (  74,   65) (  58,   57) (  58,   57) (  51,   46) (  49,   60) (  65,   50)
          (  60,   62) (  60,   60) (  58,   58) (  46,   57) (  57,   54) (  67,   54) (  61,   56) (  52,   58) (  62,   56) (  37,   55)
          (  68,   51) (  52,   56) (  56,   57) (  64,   61) (  39,   54) (  67,   58) (  66,   58) (  49,   57) (  73,   61) (  42,   58)
          (  62,   57) (  64,   60) (  50,   60) (  61,   58) (  62,   52) (  58,   59) (  50,   55) (  59,   57) (  59,   62) (  52,   53)
          (  74,   65) (  51,   57) (  47,   53) (  65,   53) (  58,   54) (  43,   50) (  53,   62) (  61,   51) (  77,   62) (  53,   53)
          (  59,   53) (  63,   53) (  59,   59) (  54,   59) (  58,   57) (  36,   46) (  63,   62) (  56,   59) (  66,   52) (  60,   60)
          (  59,   61) (  60,   59) (  50,   60) (  54,   51) (  52,   57) (  63,   59) (  58,   52) (  47,   56) (  62,   54) (  63,   60)
          (  60,   59) (  52,   58) (  60,   56) (  53,   51) (  63,   58) (  48,   52) (  47,   53) (  67,   60) (  57,   62) (  59,   56)
          (  48,   62) (  58,   53) (  54,   54) (  50,   63) (  60,   55) (  62,   58) (  47,   56) (  62,   56) (  45,   59) (  74,   53)
          (  60,   55) (  64,   60) (  64,   64) (  64,   69) (  64,   64) (  64,   64) (  64,   64) (  64,   64) (  64,   64) (  64,   64)
          (  64,   64) (  64,   64) (  64,   64) (  64,   64) (  64,   64) (  64,   64) (  64,   64) (  64,   64) (  64,   64) (  64,   64)
          (  64,   64) (  64,   64) (  64,   64) (  64,   64) (  64,   64) (  64,   64) (  64,   64) (  64,   64) (  64,   64) (  64,   64)
          (  64,   64) (  64,   64) (  64,   64) (  64,   64) (  64,   64) (  64,   64) (  64,   64) (  64,   64) (  64,   64) (  64,   64)
          (  64,   64) (  64,   64) (  64,   64) (  64,   64) (  64,   64) (  64,   64) (  64,   64) (  64,   64) (  64,   64) (  64,   64)
          (  64,   64) (  64,   64) (  64,   64) (  64,   64) (  64,   64) (  64,   64) (  64,   64) (  64,   64) (  64,   64) (  64,   64)
          (  64,   64) (  64,   64) (  64,   64) (  64,   64) (  64,   64) (  64,   64) (  64,   64) (  64,   64) (  64,   64) (  64,   64)
          (  64,   64) (  64,   64) (  64,   64) (  64,   64) (  64,   64) (  64,   64) (  64,   64) (  64,   64) (  64,   64) (  64,   64)
          (  64,   64) (  64,   64) (  64,   64) (  64,   64) (  64,   64) (  64,   64) (  64,   64) (  64,   64) (  64,   64) (  64,   64)
          (  64,   64) (  64,   64) (  64,   64) (  64,   64) (  64,   64) (  64,   64) (  64,   64) (  64,   64) (  64,   64) (  64,   64)
          (  64,   64) (  64,   64) (  64,   64) (  64,   64) (  64,   64) (  64,   64) (  64,   64) (  64,   64) (  64,   64) (  64,   64)
          (  64,   64) (  64,   64) (  64,   64) (  64,   64) (  64,   64) (  64,   64) (  64,   64) (  64,   64) (  64,   64) (  64,   64)
          (  64,   64) (  64,   64) (  64,   64) (  64,   64) (  64,   64) (  64,   64) (  64,   64) (  64,   64) (  64,   64) (  64,   64)
          (  64,   64) (  64,   64) (  64,   64) (  64,   64) (  64,   64) (  64,   64) (  64,   64) (  64,   64) (  64,   64) (  64,   64)
          (  64,   64) (  64,   64) (  64,   64) (  64,   64) (  64,   64) (  64,   64) (  64,   64) (  64,   64) (  64,   64) (  64,   64)
          (  64,   64) (  64,   64) (  64,   64) (  64,   64) (  64,   64) (  64,   64) (  64,   64) (  64,   64) (  64,   64) (  64,   64)
          (  64,   64) (  64,   64) (  64,   64) (  64,   64) (  64,   64) (  64,   64) (  64,   64) (  64,   64) (  64,   64) (  64,   64)
          (  64,   64) (  64,   64) (  64,   64) (  64,   64) (  64,   64) (  64,   64) (  64,   64) (  64,   64) (  64,   64) (  64,   64)
          (  64,   64) (  64,   64) (  64,   64) (  64,   64) (  64,   64) (  64,   64) (  64,   64) (  64,   64) (  64,   64) (  64,   64)
          (  64,   64) (  64,   64) (  64,   64) (  64,   64) (  64,   64) (  64,   64) (  64,   64) (  64,   64) (  64,   64) (  64,   64)
          (  64,   64) (  64,   64) (  64,   64) (  64,   64) (  64,   64) (  64,   64) (  64,   64) (  64,   64) (  64,   64) (  64,   64)
          (  64,   64) (  64,   64) (  64,   64) (  64,   64) (  64,   64) (  64,   64) (  64,   64) (  64,   64) (  64,   64) (  64,   64)
          (  64,   64) (  64,   64) (  64,   64) (  64,   64) (  64,   64) (  64,   64) (  64,   64) (  64,   64) (  64,   64) (  64,   64)
          (  64,   64) (  64,   64) (  64,   64) (  64,   64) (  64,   64) (  64,   64) (  64,   64) (  64,   64) (  64,   64) (  64,   64)
          (  64,   64) (  64,   64) (  64,   64) (  64,   64) (  64,   64) (  64,   64) (  64,   64) (  64,   64) (  64,   64) (  64,   64)
          (  64,   64) (  64,   64) (  64,   64) (  64,   64) (  64,   64) (  64,   64) (  64,   64) (  64,   64) (  64,   64) (  64,   64)
          (  64,   64) (  64,   64) (  64,   64) (  64,   64) (  64,   64) (  64,   64) (  64,   64) (  64,   64) (  64,   64) (  64,   64)
          (  64,   64) (  64,   64) (  64,   64) (  64,   64) (  64,   64) (  64,   64) (  64,   64) (  64,   64) (  64,   64) (  64,   64)
          (  64,   64) (  64,   64) (  64,   64) (  64,   64) (  64,   64) (  64,   64) (  64,   64) (  64,   64) (  64,   64) (  64,   64)
          (  64,   64) (  64,   64) (  64,   64) (  64,   64) (  64,   64) (  64,   64) (  64,   64) (  64,   64) (  64,   64) (  64,   64)
          (  64,   64) (  64,   64) (  64,   64) (  64,   64) (  64,   64) (  64,   64) (  64,   64) (  64,   64) (  64,   64) (  64,   64)
          (  64,   64) (  64,   64) (  64,   64) (  64,   64) (  64,   64) (  64,   64) (  64,   64) (  64,   64) (  64,   64) (  64,   64)
          (  64,   64) (  64,   64) (  64,   64) (  64,   64) (  64,   64) (  64,   64) (  64,   64) (  64,   64) (  64,   64) (  64,   64)
          (  64,   64) (  64,   64) (  64,   64) (  64,   64) (  64,   64) (  64,   64) (  64,   64) (  64,   64) (  64,   64) (  64,   64)
          (  64,   64) (  64,   64) (  64,   64) (  64,   64) (  64,   64) (  64,   64) (  64,   64) (  64,   64) (  64,   64) (  64,   64)
          (  64,   64) (  64,   64) (  64,   64) (  64,   64) (  64,   64) (  64,   64) (  64,   64) (  64,   64) (  64,   64) (  64,   64)
          (  64,   64) (  64,   64) (  64,   64) (  64,   64) (  64,   64) (  64,   64) (  64,   64) (  64,   64) (  64,   64) (  64,   64)
          (  64,   64) (  64,   64) (  64,   64) (  64,   64) (  64,   64) (  64,   64) (  64,   64) (  64,   64) (  64,   64) (  64,   64)
          (  64,   64) (  64,   64) (  64,   64) (  64,   64) (  64,   64) (  64,   64) (  64,   64) (  64,   64) (  64,   64) (  64,   64)
          (  64,   64) (  64,   64) (  64,   64) (  64,   64) (  64,   64) (  64,   64) (  64,   64) (  64,   64) (  64,   64) (  64,   64)
         
node   2 sent_total  44329  recv_total  44255

node   3  (   1,    0) (   0,    0) (   3,    3) (  33,    8) (  42,   13) (  81,   51) (  97,   84) (  81,   91) (  81,   81) (  81,   81)
          (  81,   81) (  81,   81) (  81,   81) (  81,   81) (  81,   81) (  81,   81) (  81,   81) (  81,   81) (  81,   81) (  81,   81)
          (  81,   81) (  81,   81) (  81,   81) (  81,   81) (  81,   81) (  81,   81) (  81,   81) (  81,   81) (  81,   81) (  81,   81)
          (  81,   81) (  81,   81) (  81,   81) (  81,   81) (  81,   81) (  81,   81) (  81,   81) (  81,   81) (  81,   81) (  81,   81)
          (  81,   81) (  81,   81) (  81,   81) (  81,   81) (  81,   81) (  81,   81) (  81,   81) (  81,   81) (  81,   81) (  81,   81)
          (  81,   81) (  76,   81) (  70,   78) (  63,   65) (  70,   69) (  88,   75) (  64,   68) (  83,   77) (  72,   78) (  74,   70)
          (  74,   75) (  76,   67) (  74,   69) (  58,   68) (  87,   81) (  76,   72) (  69,   66) (  72,   78) (  74,   72) (  72,   73)
          (  68,   67) (  71,   71) (  83,   77) (  69,   70) (  81,   69) (  63,   77) (  80,   73) (  73,   72) (  67,   76) (  66,   66)
          (  85,   75) (  74,   72) (  74,   71) (  75,   76) (  76,   66) (  70,   76) (  72,   67) (  78,   71) (  76,   76) (  77,   62)
          (  64,   76) (  70,   78) (  54,   68) (  86,   78) (  70,   76) (  66,   72) (  76,   77) (  70,   70) (  71,   68) (  74,   69)
          (  78,   70) (  56,   73) (  77,   65) (  60,   64) (  54,   53) (  73,   56) (  66,   51) (  56,   64) (  52,   58) (  70,   56)
          (  56,   61) (  53,   55) (  55,   56) (  60,   57) (  57,   60) (  44,   62) (  72,   52) (  48,   57) (  63,   58) (  53,   59)
          (  46,   58) (  74,   58) (  59,   59) (  60,   62) (  49,   56) (  65,   57) (  53,   54) (  57,   56) (  52,   61) (  60,   53)
          (  62,   60) (  57,   59) (  52,   55) (  60,   48) (  59,   62) (  59,   63) (  52,   53) (  62,   54) (  52,   60) (  68,   55)
          (  57,   62) (  48,   56) (  58,   53) (  51,   50) (  67,   57) (  49,   56) (  61,   58) (  50,   51) (  58,   54) (  65,   57)
          (  56,   60) (  59,   57) (  52,   57) (  41,   52) (  69,   59) (  57,   60) (  56,   52) (  53,   61) (  56,   55) (  50,   53)
          (  61,   60) (  54,   53) (  57,   53) (  58,   60) (  57,   60) (  60,   54) (  63,   57) (  53,   53) (  53,   62) (  65,   55)
          (  43,   55) (  72,   59) (  55,   62) (  57,   60) (  53,   54) (  59,   60) (  54,   51) (  59,   58) (  54,   55) (  60,   59)
          (  59,   64) (  61,   57) (  50,   56) (  59,   59) (  53,   59) (  57,   60) (  58,   55) (  50,   57) (  67,   54) (  46,   59)
          (  60,   58) (  56,   48) (  51,   61) (  61,   57) (  46,   50) (  67,   54) (  46,   59) (  59,   53) (  66,   57) (  53,   59)
          (  57,   55) (  53,   64) (  57,   54) (  55,   58) (  51,   59) (  54,   53) (  64,   53) (  55,   61) (  45,   55) (  53,   60)
          (  51,   49) (  58,   59) (  54,   64) (  50,   53) (  68,   61) (  53,   62) (  44,   56) (  68,   52) (  47,   56) (  54,   52)
          (  69,   61) (  50,   60) (  61,   59) (  57,   55) (  59,   56) (  49,   52) (  59,   55) (  67,   61) (  46,   56) (  67,   56)
          (  54,   54) (  62,   61) (  50,   52) (  53,   60) (  56,   59) (  63,   58) (  51,   56) (  52,   58) (  61,   59) (  59,   57)
          (  64,   57) (  60,   58) (  56,   62) (  51,   56) (  62,   55) (  52,   58) (  63,   55) (  52,   57) (  50,   60) (  58,   53)
          (  55,   63) (  59,   57) (  58,   56) (  58,   53) (  58,   61) (  59,   50) (  50,   62) (  66,   56) (  52,   56) (  58,   62)
          (  63,   59) (  56,   57) (  51,   59) (  55,   57) (  55,   58) (  51,   49) (  53,   57) (  45,   58) (  69,   56) (  53,   56)
          (  49,   60) (  73,   62) (  50,   58) (  59,   49) (  55,   61) (  58,   56) (  55,   55) (  67,   63) (  59,   54) (  56,   57)
          (  46,   56) (  60,   62) (  59,   52) (  50,   53) (  53,   61) (  58,   60) (  51,   52) (  69,   55) (  57,   63) (  53,   59)
          (  64,   61) (  60,   50) (  54,   54) (  51,   60) (  55,   55) (  57,   54) (  66,   62) (  53,   56) (  55,   66) (  61,   54)
          (  53,   60) (  64,   55) (  71,   62) (  64,   69) (  64,   64) (  64,   64) (  64,   64) (  64,   64) (  64,   64) (  64,   64)
          (  64,   64) (  64,   64) (  64,   64) (  64,   64) (  64,   64) (  64,   64) (  64,   64) (  64,   64) (  64,   64) (  64,   64)
          (  64,   64) (  64,   64) (  64,   64) (  64,   64) (  64,   64) (  64,   64) (  64,   64) (  64,   64) (  64,   64) (  64,   64)
          (  64,   64) (  64,   64) (  64,   64) (  64,   64) (  64,   64) (  64,   64) (  64,   64) (  64,   64) (  64,   64) (  64,   64)
          (  64,   64) (  64,   64) (  64,   64) (  64,   64) (  64,   64) (  64,   64) (  64,   64) (  64,   64) (  64,   64) (  64,   64)
          (  64,   64) (  64,   64) (  64,   64) (  64,   64) (  64,   64) (  64,   64) (  64,   64) (  64,   64) (  64,   64) (  64,   64)
          (  64,   64) (  64,   64) (  64,   64) (  64,   64) (  64,   64) (  64,   64) (  64,   64) (  64,   64) (  64,   64) (  64,   64)
          (  64,   64) (  64,   64) (  64,   64) (  64,   64) (  64,   64) (  64,   64) (  64,   64) (  64,   64) (  64,   64) (  64,   64)
          (  64,   64) (  64,   64) (  64,   64) (  64,   64) (  64,   64) (  64,   64) (  64,   64) (  64,   64) (  64,   64) (  64,   64)
          (  64,   64) (  64,   64) (  64,   64) (  64,   64) (  64,   64) (  64,   64) (  64,   64) (  64,   64) (  64,   64) (  64,   64)
          (  64,   64) (  64,   64) (  64,   64) (  64,   64) (  64,   64) (  64,   64) (  64,   64) (  64,   64) (  64,   64) (  64,   64)
          (  64,   64) (  64,   64) (  64,   64) (  64,   64) (  64,   64) (  64,   64) (  64,   64) (  64,   64) (  64,   64) (  64,   64)
          (  64,   64) (  64,   64) (  64,   64) (  64,   64) (  64,   64) (  64,   64) (  64,   64) (  64,   64) (  64,   64) (  64,   64)
          (  64,   64) (  64,   64) (  64,   64) (  64,   64) (  64,   64) (  64,   64) (  64,   64) (  64,   64) (  64,   64) (  64,   64)
          (  64,   64) (  64,   64) (  64,   64) (  64,   64) (  64,   64) (  64,   64) (  64,   64) (  64,   64) (  64,   64) (  64,   64)
          (  64,   64) (  64,   64) (  64,   64) (  64,   64) (  64,   64) (  64,   64) (  64,   64) (  64,   64) (  64,   64) (  64,   64)
          (  64,   64) (  64,   64) (  64,   64) (  64,   64) (  64,   64) (  64,   64) (  64,   64) (  64,   64) (  64,   64) (  64,   64)
          (  64,   64) (  64,   64) (  64,   64) (  64,   64) (  64,   64) (  64,   64) (  64,   64) (  64,   64) (  64,   64) (  64,   64)
          (  64,   64) (  64,   64) (  64,   64) (  64,   64) (  64,   64) (  64,   64) (  64,   64) (  64,   64) (  64,   64) (  64,   64)
          (  64,   64) (  64,   64) (  64,   64) (  64,   64) (  64,   64) (  64,   64) (  64,   64) (  64,   64) (  64,   64) (  64,   64)
          (  64,   64) (  64,   64) (  64,   64) (  64,   64) (  64,   64) (  64,   64) (  64,   64) (  64,   64) (  64,   64) (  64,   64)
          (  64,   64) (  64,   64) (  64,   64) (  64,   64) (  64,   64) (  64,   64) (  64,   64) (  64,   64) (  64,   64) (  64,   64)
          (  64,   64) (  64,   64) (  64,   64) (  64,   64) (  64,   64) (  64,   64) (  64,   64) (  64,   64) (  64,   64) (  64,   64)
          (  64,   64) (  64,   64) (  64,   64) (  64,   64) (  64,   64) (  64,   64) (  64,   64) (  64,   64) (  64,   64) (  64,   64)
          (  64,   64) (  64,   64) (  64,   64) (  64,   64) (  64,   64) (  64,   64) (  64,   64) (  64,   64) (  64,   64) (  64,   64)
          (  64,   64) (  64,   64) (  64,   64) (  64,   64) (  64,   64) (  64,   64) (  64,   64) (  64,   64) (  64,   64) (  64,   64)
          (  64,   64) (  64,   64) (  64,   64) (  64,   64) (  64,   64) (  64,   64) (  64,   64) (  64,   64) (  64,   64) (  64,   64)
          (  64,   64) (  64,   64) (  64,   64) (  64,   64) (  64,   64) (  64,   64) (  64,   64) (  64,   64) (  64,   64) (  64,   64)
          (  64,   64) (  64,   64) (  64,   64) (  64,   64) (  64,   64) (  64,   64) (  64,   64) (  64,   64) (  64,   64) (  64,   64)
          (  64,   64) (  64,   64) (  64,   64) (  64,   64) (  64,   64) (  64,   64) (  64,   64) (  64,   64) (  64,   64) (  64,   64)
          (  64,   64) (  64,   64) (  64,   64) (  64,   64) (  64,   64) (  64,   64) (  64,   64) (  64,   64) (  64,   64) (  64,   64)
          (  64,   64) (  64,   64) (  64,   64) (  64,   64) (  64,   64) (  64,   64) (  64,   64) (  64,   64) (  64,   64) (  64,   64)
          (  64,   64) (  64,   64) (  64,   64) (  64,   64) (  64,   64) (  64,   64) (  64,   64) (  64,   64) (  64,   64) (  64,   64)
          (  64,   64) (  64,   64) (  64,   64) (  64,   64) (  64,   64) (  64,   64) (  64,   64) (  64,   64) (  64,   64) (  64,   64)
          (  64,   64) (  64,   64) (  64,   64) (  64,   64) (  64,   64) (  64,   64) (  64,   64) (  64,   64) (  64,   64) (  64,   64)
          (  64,   64) (  64,   64) (  64,   64) (  64,   64) (  64,   64) (  64,   64) (  64,   64) (  64,   64) (  64,   64) (  64,   64)
          (  64,   64) (  64,   64) (  64,   64) (  64,   64) (  64,   64) (  64,   64) (  64,   64) (  64,   64) (  64,   64) (  64,   64)
          (  64,   64) (  64,   64) (  64,   64) (  64,   64) (  64,   64) (  64,   64) (  64,   64) (  64,   64) (  64,   64) (  64,   64)
          (  64,   64) (  64,   64) (  64,   64) (  64,   64) (  64,   64) (  64,   64) (  64,   64) (  64,   64) (  64,   64) (  64,   64)
          (  64,   64) (  64,   64) (  64,   64) (  64,   64) (  64,   64) (  64,   64) (  64,   64) (  64,   64) (  64,   64) (  64,   64)
         
node   3 sent_total  44375  recv_total  44307

node   4  (   1,    0) (   0,    0) (   1,    2) (  40,   10) (  42,   18) (  81,   36) (  97,   71) (  81,   91) (  81,   81) (  81,   81)
          (  81,   81) (  81,   81) (  81,   81) (  81,   81) (  81,   81) (  81,   81) (  81,   81) (  81,   81) (  81,   81) (  81,   81)
          (  81,   81) (  81,   81) (  81,   81) (  81,   81) (  81,   81) (  81,   81) (  81,   81) (  81,   81) (  81,   81) (  81,   81)
          (  81,   81) (  81,   81) (  81,   81) (  81,   81) (  81,   81) (  81,   81) (  81,   81) (  81,   81) (  81,   81) (  81,   81)
          (  81,   81) (  81,   81) (  81,   81) (  81,   81) (  81,   81) (  81,   81) (  81,   81) (  81,   81) (  81,   81) (  81,   81)
          (  81,   81) (  72,   81) (  58,   71) (  82,   69) (  57,   61) (  65,   67) (  90,   71) (  72,   66) (  75,   76) (  72,   76)
          (  63,   68) (  78,   68) (  77,   77) (  77,   71) (  59,   77) (  80,   78) (  71,   71) (  67,   73) (  73,   73) (  70,   76)
          (  66,   72) (  78,   74) (  67,   79) (  59,   66) (  82,   73) (  73,   77) (  51,   65) (  96,   74) (  75,   70) (  74,   76)
          (  74,   67) (  76,   73) (  74,   74) (  71,   82) (  51,   70) (  87,   75) (  69,   68) (  62,   70) (  71,   73) (  86,   72)
          (  73,   77) (  58,   75) (  76,   75) (  76,   73) (  70,   72) (  78,   75) (  74,   71) (  76,   73) (  67,   69) (  58,   73)
          (  87,   75) (  62,   78) (  60,   64) (  74,   63) (  63,   56) (  61,   56) (  74,   57) (  40,   56) (  69,   55) (  56,   58)
          (  39,   60) (  73,   57) (  61,   56) (  49,   52) (  57,   64) (  60,   63) (  52,   51) (  58,   63) (  52,   54) (  59,   59)
          (  58,   55) (  58,   55) (  54,   62) (  66,   58) (  57,   56) (  61,   53) (  58,   57) (  58,   54) (  47,   64) (  60,   52)
          (  53,   60) (  55,   57) (  56,   55) (  41,   44) (  66,   62) (  45,   62) (  73,   59) (  51,   56) (  61,   58) (  46,   55)
          (  63,   60) (  48,   53) (  50,   54) (  66,   58) (  61,   54) (  51,   55) (  60,   58) (  57,   57) (  49,   53) (  69,   62)
          (  51,   55) (  61,   56) (  52,   54) (  68,   62) (  49,   51) (  53,   58) (  65,   59) (  56,   59) (  56,   56) (  58,   56)
          (  58,   64) (  54,   55) (  52,   57) (  56,   60) (  63,   59) (  53,   52) (  63,   58) (  46,   53) (  67,   60) (  58,   54)
          (  54,   57) (  56,   49) (  67,   62) (  58,   53) (  58,   58) (  47,   60) (  62,   57) (  57,   56) (  56,   53) (  57,   53)
          (  65,   58) (  60,   54) (  59,   63) (  53,   54) (  44,   60) (  59,   57) (  59,   60) (  53,   57) (  44,   51) (  69,   63)
          (  52,   63) (  58,   49) (  66,   62) (  50,   53) (  54,   53) (  56,   60) (  38,   58) (  69,   52) (  57,   60) (  54,   56)
          (  61,   55) (  51,   55) (  57,   54) (  49,   58) (  66,   59) (  59,   56) (  57,   51) (  56,   62) (  58,   58) (  55,   61)
          (  53,   51) (  55,   53) (  42,   55) (  63,   57) (  58,   61) (  55,   59) (  52,   56) (  57,   54) (  52,   60) (  51,   53)
          (  70,   61) (  60,   59) (  60,   59) (  52,   54) (  62,   58) (  55,   57) (  44,   55) (  57,   59) (  64,   58) (  61,   56)
          (  40,   52) (  58,   53) (  68,   53) (  48,   60) (  67,   56) (  57,   56) (  49,   57) (  71,   61) (  59,   54) (  57,   61)
          (  61,   56) (  61,   63) (  58,   63) (  57,   55) (  56,   51) (  55,   59) (  57,   58) (  56,   55) (  58,   55) (  56,   51)
          (  61,   62) (  69,   58) (  53,   60) (  57,   56) (  50,   63) (  59,   57) (  56,   55) (  55,   56) (  58,   60) (  53,   60)
          (  58,   58) (  40,   56) (  70,   57) (  51,   55) (  48,   59) (  64,   53) (  51,   58) (  62,   65) (  57,   57) (  50,   55)
          (  57,   63) (  53,   55) (  57,   60) (  56,   53) (  54,   58) (  50,   56) (  63,   56) (  59,   59) (  54,   53) (  48,   63)
          (  62,   56) (  55,   59) (  48,   60) (  62,   56) (  50,   55) (  58,   57) (  52,   54) (  63,   54) (  47,   58) (  62,   62)
          (  41,   56) (  56,   57) (  64,   54) (  47,   57) (  60,   49) (  60,   55) (  51,   58) (  64,   62) (  55,   60) (  66,   48)
          (  55,   55) (  57,   62) (  71,   64) (  64,   69) (  64,   64) (  64,   64) (  64,   64) (  64,   64) (  64,   64) (  64,   64)
          (  64,   64) (  64,   64) (  64,   64) (  64,   64) (  64,   64) (  64,   64) (  64,   64) (  64,   64) (  64,   64) (  64,   64)
          (  64,   64) (  64,   64) (  64,   64) (  64,   64) (  64,   64) (  64,   64) (  64,   64) (  64,   64) (  64,   64) (  64,   64)
          (  64,   64) (  64,   64) (  64,   64) (  64,   64) (  64,   64) (  64,   64) (  64,   64) (  64,   64) (  64,   64) (  64,   64)
          (  64,   64) (  64,   64) (  64,   64) (  64,   64) (  64,   64) (  64,   64) (  64,   64) (  64,   64) (  64,   64) (  64,   64)
          (  64,   64) (  64,   64) (  64,   64) (  64,   64) (  64,   64) (  64,   64) (  64,   64) (  64,   64) (  64,   64) (  64,   64)
          (  64,   64) (  64,   64) (  64,   64) (  64,   64) (  64,   64) (  64,   64) (  64,   64) (  64,   64) (  64,   64) (  64,   64)
          (  64,   64) (  64,   64) (  64,   64) (  64,   64) (  64,   64) (  64,   64) (  64,   64) (  64,   64) (  64,   64) (  64,   64)
          (  64,   64) (  64,   64) (  64,   64) (  64,   64) (  64,   64) (  64,   64) (  64,   64) (  64,   64) (  64,   64) (  64,   64)
          (  64,   64) (  64,   64) (  64,   64) (  64,   64) (  64,   64) (  64,   64) (  64,   64) (  64,   64) (  64,   64) (  64,   64)
          (  64,   64) (  64,   64) (  64,   64) (  64,   64) (  64,   64) (  64,   64) (  64,   64) (  64,   64) (  64,   64) (  64,   64)
          (  64,   64) (  64,   64) (  64,   64) (  64,   64) (  64,   64) (  64,   64) (  64,   64) (  64,   64) (  64,   64) (  64,   64)
          (  64,   64) (  64,   64) (  64,   64) (  64,   64) (  64,   64) (  64,   64) (  64,   64) (  64,   64) (  64,   64) (  64,   64)
          (  64,   64) (  64,   64) (  64,   64) (  64,   64) (  64,   64) (  64,   64) (  64,   64) (  64,   64) (  64,   64) (  64,   64)
          (  64,   64) (  64,   64) (  64,   64) (  64,   64) (  64,   64) (  64,   64) (  64,   64) (  64,   64) (  64,   64) (  64,   64)
          (  64,   64) (  64,   64) (  64,   64) (  64,   64) (  64,   64) (  64,   64) (  64,   64) (  64,   64) (  64,   64) (  64,   64)
          (  64,   64) (  64,   64) (  64,   64) (  64,   64) (  64,   64) (  64,   64) (  64,   64) (  64,   64) (  64,   64) (  64,   64)
          (  64,   64) (  64,   64) (  64,   64) (  64,   64) (  64,   64) (  64,   64) (  64,   64) (  64,   64) (  64,   64) (  64,   64)
          (  64,   64) (  64,   64) (  64,   64) (  64,   64) (  64,   64) (  64,   64) (  64,   64) (  64,   64) (  64,   64) (  64,   64)
          (  64,   64) (  64,   64) (  64,   64) (  64,   64) (  64,   64) (  64,   64) (  64,   64) (  64,   64) (  64,   64) (  64,   64)
          (  64,   64) (  64,   64) (  64,   64) (  64,   64) (  64,   64) (  64,   64) (  64,   64) (  64,   64) (  64,   64) (  64,   64)
          (  64,   64) (  64,   64) (  64,   64) (  64,   64) (  64,   64) (  64,   64) (  64,   64) (  64,   64) (  64,   64) (  64,   64)
          (  64,   64) (  64,   64) (  64,   64) (  64,   64) (  64,   64) (  64,   64) (  64,   64) (  64,   64) (  64,   64) (  64,   64)
          (  64,   64) (  64,   64) (  64,   64) (  64,   64) (  64,   64) (  64,   64) (  64,   64) (  64,   64) (  64,   64) (  64,   64)
          (  64,   64) (  64,   64) (  64,   64) (  64,   64) (  64,   64) (  64,   64) (  64,   64) (  64,   64) (  64,   64) (  64,   64)
          (  64,   64) (  64,   64) (  64,   64) (  64,   64) (  64,   64) (  64,   64) (  64,   64) (  64,   64) (  64,   64) (  64,   64)
          (  64,   64) (  64,   64) (  64,   64) (  64,   64) (  64,   64) (  64,   64) (  64,   64) (  64,   64) (  64,   64) (  64,   64)
          (  64,   64) (  64,   64) (  64,   64) (  64,   64) (  64,   64) (  64,   64) (  64,   64) (  64,   64) (  64,   64) (  64,   64)
          (  64,   64) (  64,   64) (  64,   64) (  64,   64) (  64,   64) (  64,   64) (  64,   64) (  64,   64) (  64,   64) (  64,   64)
          (  64,   64) (  64,   64) (  64,   64) (  64,   64) (  64,   64) (  64,   64) (  64,   64) (  64,   64) (  64,   64) (  64,   64)
          (  64,   64) (  64,   64) (  64,   64) (  64,   64) (  64,   64) (  64,   64) (  64,   64) (  64,   64) (  64,   64) (  64,   64)
          (  64,   64) (  64,   64) (  64,   64) (  64,   64) (  64,   64) (  64,   64) (  64,   64) (  64,   64) (  64,   64) (  64,   64)
          (  64,   64) (  64,   64) (  64,   64) (  64,   64) (  64,   64) (  64,   64) (  64,   64) (  64,   64) (  64,   64) (  64,   64)
          (  64,   64) (  64,   64) (  64,   64) (  64,   64) (  64,   64) (  64,   64) (  64,   64) (  64,   64) (  64,   64) (  64,   64)
          (  64,   64) (  64,   64) (  64,   64) (  64,   64) (  64,   64) (  64,   64) (  64,   64) (  64,   64) (  64,   64) (  64,   64)
          (  64,   64) (  64,   64) (  64,   64) (  64,   64) (  64,   64) (  64,   64) (  64,   64) (  64,   64) (  64,   64) (  64,   64)
          (  64,   64) (  64,   64) (  64,   64) (  64,   64) (  64,   64) (  64,   64) (  64,   64) (  64,   64) (  64,   64) (  64,   64)
          (  64,   64) (  64,   64) (  64,   64) (  64,   64) (  64,   64) (  64,   64) (  64,   64) (  64,   64) (  64,   64) (  64,   64)
          (  64,   64) (  64,   64) (  64,   64) (  64,   64) (  64,   64) (  64,   64) (  64,   64) (  64,   64) (  64,   64) (  64,   64)
          (  64,   64) (  64,   64) (  64,   64) (  64,   64) (  64,   64) (  64,   64) (  64,   64) (  64,   64) (  64,   64) (  64,   64)
         
node   4 sent_total  44294  recv_total  44288

node   5  (   0,    0) (   1,    0) (   0,    0) (  10,    5) (  54,   17) (  81,   56) (  97,   76) (  81,   91) (  81,   81) (  81,   81)
          (  81,   81) (  81,   81) (  81,   81) (  81,   81) (  81,   81) (  81,   81) (  81,   81) (  81,   81) (  81,   81) (  81,   81)
          (  81,   81) (  81,   81) (  81,   81) (  81,   81) (  81,   81) (  81,   81) (  81,   81) (  81,   81) (  81,   81) (  81,   81)
          (  81,   81) (  81,   81) (  81,   81) (  81,   81) (  81,   81) (  81,   81) (  81,   81) (  81,   81) (  81,   81) (  81,   81)
          (  81,   81) (  81,   81) (  81,   81) (  81,   81) (  81,   81) (  81,   81) (  81,   81) (  81,   81) (  81,   81) (  81,   81)
          (  81,   81) (  69,   81) (  67,   77) (  71,   71) (  71,   70) (  60,   73) (  77,   73) (  83,   77) (  58,   80) (  78,   74)
          (  77,   65) (  73,   73) (  78,   75) (  80,   75) (  75,   79) (  58,   74) (  84,   69) (  78,   77) (  59,   73) (  82,   74)
          (  65,   77) (  77,   74) (  64,   70) (  71,   67) (  69,   69) (  64,   78) (  74,   68) (  65,   71) (  80,   80) (  68,   66)
          (  63,   67) (  81,   79) (  71,   68) (  71,   75) (  73,   70) (  66,   75) (  73,   72) (  82,   71) (  55,   69) (  75,   69)
          (  81,   77) (  67,   74) (  72,   77) (  75,   73) (  64,   71) (  78,   78) (  62,   72) (  58,   67) (  82,   73) (  77,   73)
          (  79,   70) (  69,   75) (  60,   62) (  54,   54) (  82,   55) (  53,   54) (  79,   56) (  58,   59) (  46,   52) (  69,   56)
          (  60,   60) (  53,   55) (  40,   53) (  78,   57) (  56,   57) (  49,   62) (  53,   53) (  59,   63) (  56,   54) (  73,   61)
          (  56,   57) (  55,   54) (  60,   61) (  51,   61) (  65,   56) (  45,   50) (  64,   61) (  59,   48) (  60,   64) (  47,   50)
          (  59,   64) (  62,   55) (  47,   54) (  68,   53) (  57,   57) (  49,   59) (  67,   54) (  57,   57) (  53,   56) (  65,   58)
          (  50,   59) (  63,   60) (  46,   51) (  45,   53) (  74,   54) (  63,   59) (  59,   57) (  51,   53) (  66,   59) (  43,   54)
          (  62,   61) (  52,   54) (  67,   61) (  51,   57) (  66,   57) (  55,   63) (  51,   58) (  50,   54) (  58,   54) (  73,   58)
          (  45,   55) (  54,   57) (  69,   58) (  54,   56) (  40,   53) (  66,   54) (  66,   60) (  52,   53) (  59,   57) (  53,   54)
          (  62,   58) (  60,   54) (  46,   58) (  64,   60) (  63,   52) (  52,   63) (  54,   55) (  50,   62) (  65,   50) (  53,   53)
          (  65,   63) (  63,   53) (  54,   61) (  57,   56) (  64,   56) (  56,   56) (  50,   59) (  51,   56) (  60,   55) (  52,   55)
          (  54,   61) (  51,   54) (  57,   56) (  54,   54) (  52,   57) (  64,   58) (  53,   59) (  61,   55) (  60,   56) (  39,   51)
          (  78,   56) (  47,   55) (  66,   56) (  61,   55) (  64,   56) (  54,   57) (  57,   56) (  59,   65) (  59,   56) (  59,   59)
          (  61,   53) (  48,   56) (  55,   57) (  59,   53) (  61,   57) (  61,   62) (  39,   57) (  66,   55) (  56,   59) (  67,   52)
          (  51,   51) (  52,   63) (  53,   59) (  63,   55) (  48,   57) (  48,   53) (  80,   60) (  52,   51) (  57,   56) (  53,   60)
          (  65,   53) (  46,   54) (  70,   56) (  55,   56) (  47,   52) (  62,   59) (  57,   54) (  52,   58) (  51,   56) (  56,   61)
          (  57,   62) (  55,   59) (  59,   64) (  52,   56) (  45,   51) (  67,   65) (  45,   51) (  63,   58) (  66,   59) (  56,   56)
          (  56,   64) (  43,   53) (  58,   61) (  52,   51) (  50,   56) (  71,   53) (  50,   58) (  52,   59) (  63,   58) (  68,   59)
          (  43,   56) (  73,   61) (  52,   58) (  58,   55) (  42,   56) (  61,   55) (  63,   52) (  68,   58) (  45,   56) (  71,   57)
          (  56,   57) (  57,   55) (  50,   61) (  58,   50) (  50,   55) (  51,   57) (  55,   51) (  50,   59) (  58,   56) (  66,   58)
          (  50,   51) (  44,   55) (  56,   57) (  56,   52) (  57,   56) (  65,   55) (  52,   52) (  53,   54) (  67,   59) (  59,   56)
          (  50,   56) (  52,   55) (  57,   59) (  64,   57) (  48,   51) (  59,   58) (  60,   53) (  57,   57) (  44,   61) (  68,   53)
          (  54,   58) (  50,   58) (  78,   64) (  64,   68) (  64,   64) (  64,   64) (  64,   64) (  64,   64) (  64,   64) (  64,   64)
          (  64,   64) (  64,   64) (  64,   64) (  64,   64) (  64,   64) (  64,   64) (  64,   64) (  64,   64) (  64,   64) (  64,   64)
          (  64,   64) (  64,   64) (  64,   64) (  64,   64) (  64,   64) (  64,   64) (  64,   64) (  64,   64) (  64,   64) (  64,   64)
          (  64,   64) (  64,   64) (  64,   64) (  64,   64) (  64,   64) (  64,   64) (  64,   64) (  64,   64) (  64,   64) (  64,   64)
          (  64,   64) (  64,   64) (  64,   64) (  64,   64) (  64,   64) (  64,   64) (  64,   64) (  64,   64) (  64,   64) (  64,   64)
          (  64,   64) (  64,   64) (  64,   64) (  64,   64) (  64,   64) (  64,   64) (  64,   64) (  64,   64) (  64,   64) (  64,   64)
          (  64,   64) (  64,   64) (  64,   64) (  64,   64) (  64,   64) (  64,   64) (  64,   64) (  64,   64) (  64,   64) (  64,   64)
          (  64,   64) (  64,   64) (  64,   64) (  64,   64) (  64,   64) (  64,   64) (  64,   64) (  64,   64) (  64,   64) (  64,   64)
          (  64,   64) (  64,   64) (  64,   64) (  64,   64) (  64,   64) (  64,   64) (  64,   64) (  64,   64) (  64,   64) (  64,   64)
          (  64,   64) (  64,   64) (  64,   64) (  64,   64) (  64,   64) (  64,   64) (  64,   64) (  64,   64) (  64,   64) (  64,   64)
          (  64,   64) (  64,   64) (  64,   64) (  64,   64) (  64,   64) (  64,   64) (  64,   64) (  64,   64) (  64,   64) (  64,   64)
          (  64,   64) (  64,   64) (  64,   64) (  64,   64) (  64,   64) (  64,   64) (  64,   64) (  64,   64) (  64,   64) (  64,   64)
          (  64,   64) (  64,   64) (  64,   64) (  64,   64) (  64,   64) (  64,   64) (  64,   64) (  64,   64) (  64,   64) (  64,   64)
          (  64,   64) (  64,   64) (  64,   64) (  64,   64) (  64,   64) (  64,   64) (  64,   64) (  64,   64) (  64,   64) (  64,   64)
          (  64,   64) (  64,   64) (  64,   64) (  64,   64) (  64,   64) (  64,   64) (  64,   64) (  64,   64) (  64,   64) (  64,   64)
          (  64,   64) (  64,   64) (  64,   64) (  64,   64) (  64,   64) (  64,   64) (  64,   64) (  64,   64) (  64,   64) (  64,   64)
          (  64,   64) (  64,   64) (  64,   64) (  64,   64) (  64,   64) (  64,   64) (  64,   64) (  64,   64) (  64,   64) (  64,   64)
          (  64,   64) (  64,   64) (  64,   64) (  64,   64) (  64,   64) (  64,   64) (  64,   64) (  64,   64) (  64,   64) (  64,   64)
          (  64,   64) (  64,   64) (  64,   64) (  64,   64) (  64,   64) (  64,   64) (  64,   64) (  64,   64) (  64,   64) (  64,   64)
          (  64,   64) (  64,   64) (  64,   64) (  64,   64) (  64,   64) (  64,   64) (  64,   64) (  64,   64) (  64,   64) (  64,   64)
          (  64,   64) (  64,   64) (  64,   64) (  64,   64) (  64,   64) (  64,   64) (  64,   64) (  64,   64) (  64,   64) (  64,   64)
          (  64,   64) (  64,   64) (  64,   64) (  64,   64) (  64,   64) (  64,   64) (  64,   64) (  64,   64) (  64,   64) (  64,   64)
          (  64,   64) (  64,   64) (  64,   64) (  64,   64) (  64,   64) (  64,   64) (  64,   64) (  64,   64) (  64,   64) (  64,   64)
          (  64,   64) (  64,   64) (  64,   64) (  64,   64) (  64,   64) (  64,   64) (  64,   64) (  64,   64) (  64,   64) (  64,   64)
          (  64,   64) (  64,   64) (  64,   64) (  64,   64) (  64,   64) (  64,   64) (  64,   64) (  64,   64) (  64,   64) (  64,   64)
          (  64,   64) (  64,   64) (  64,   64) (  64,   64) (  64,   64) (  64,   64) (  64,   64) (  64,   64) (  64,   64) (  64,   64)
          (  64,   64) (  64,   64) (  64,   64) (  64,   64) (  64,   64) (  64,   64) (  64,   64) (  64,   64) (  64,   64) (  64,   64)
          (  64,   64) (  64,   64) (  64,   64) (  64,   64) (  64,   64) (  64,   64) (  64,   64) (  64,   64) (  64,   64) (  64,   64)
          (  64,   64) (  64,   64) (  64,   64) (  64,   64) (  64,   64) (  64,   64) (  64,   64) (  64,   64) (  64,   64) (  64,   64)
          (  64,   64) (  64,   64) (  64,   64) (  64,   64) (  64,   64) (  64,   64) (  64,   64) (  64,   64) (  64,   64) (  64,   64)
          (  64,   64) (  64,   64) (  64,   64) (  64,   64) (  64,   64) (  64,   64) (  64,   64) (  64,   64) (  64,   64) (  64,   64)
          (  64,   64) (  64,   64) (  64,   64) (  64,   64) (  64,   64) (  64,   64) (  64,   64) (  64,   64) (  64,   64) (  64,   64)
          (  64,   64) (  64,   64) (  64,   64) (  64,   64) (  64,   64) (  64,   64) (  64,   64) (  64,   64) (  64,   64) (  64,   64)
          (  64,   64) (  64,   64) (  64,   64) (  64,   64) (  64,   64) (  64,   64) (  64,   64) (  64,   64) (  64,   64) (  64,   64)
          (  64,   64) (  64,   64) (  64,   64) (  64,   64) (  64,   64) (  64,   64) (  64,   64) (  64,   64) (  64,   64) (  64,   64)
          (  64,   64) (  64,   64) (  64,   64) (  64,   64) (  64,   64) (  64,   64) (  64,   64) (  64,   64) (  64,   64) (  64,   64)
          (  64,   64) (  64,   64) (  64,   64) (  64,   64) (  64,   64) (  64,   64) (  64,   64) (  64,   64) (  64,   64) (  64,   64)
          (  64,   64) (  64,   64) (  64,   64) (  64,   64) (  64,   64) (  64,   64) (  64,   64) (  64,   64) (  64,   64) (  64,   64)
          (  64,   64) (  64,   64) (  64,   64) (  64,   64) (  64,   64) (  64,   64) (  64,   64) (  64,   64) (  64,   64) (  64,   64)
          (  64,   64) (  64,   64) (  64,   64) (  64,   64) (  64,   64) (  64,   64) (  64,   64) (  64,   64) (  64,   64) (  64,   64)
         
node   5 sent_total  44327  recv_total  44225

node   6  (   0,    0) (   1,    0) (   0,    0) (   6,    4) (  62,   22) (  73,   55) (  97,   78) (  81,   91) (  81,   81) (  81,   81)
          (  81,   81) (  81,   81) (  81,   81) (  81,   81) (  81,   81) (  81,   81) (  81,   81) (  81,   81) (  81,   81) (  81,   81)
          (  81,   81) (  81,   81) (  81,   81) (  81,   81) (  81,   81) (  81,   81) (  81,   81) (  81,   81) (  81,   81) (  81,   81)
          (  81,   81) (  81,   81) (  81,   81) (  81,   81) (  81,   81) (  81,   81) (  81,   81) (  81,   81) (  81,   81) (  81,   81)
          (  81,   81) (  81,   81) (  81,   81) (  81,   81) (  81,   81) (  81,   81) (  81,   81) (  81,   81) (  81,   81) (  81,   81)
          (  81,   81) (  69,   81) (  67,   72) (  63,   69) (  80,   67) (  74,   70) (  66,   72) (  71,   73) (  65,   80) (  88,   68)
          (  75,   71) (  72,   73) (  77,   77) (  63,   70) (  74,   76) (  73,   79) (  80,   68) (  62,   74) (  79,   70) (  77,   69)
          (  75,   76) (  69,   72) (  71,   76) (  61,   62) (  89,   72) (  72,   76) (  73,   69) (  62,   70) (  72,   73) (  78,   71)
          (  61,   74) (  64,   67) (  94,   73) (  73,   78) (  74,   67) (  46,   72) (  86,   70) (  74,   69) (  74,   75) (  68,   69)
          (  78,   74) (  72,   73) (  67,   70) (  72,   67) (  79,   70) (  75,   71) (  67,   69) (  67,   68) (  80,   70) (  71,   70)
          (  57,   67) (  89,   77) (  63,   60) (  66,   57) (  68,   56) (  49,   56) (  73,   52) (  64,   63) (  58,   52) (  55,   57)
          (  58,   67) (  57,   60) (  48,   60) (  69,   52) (  58,   59) (  65,   48) (  48,   49) (  54,   58) (  67,   62) (  40,   57)
          (  65,   62) (  53,   56) (  66,   59) (  59,   57) (  42,   56) (  54,   60) (  55,   57) (  54,   51) (  61,   65) (  68,   53)
          (  47,   60) (  52,   56) (  58,   55) (  62,   50) (  55,   60) (  55,   63) (  46,   54) (  56,   60) (  57,   56) (  67,   54)
          (  59,   62) (  46,   55) (  61,   57) (  57,   52) (  50,   53) (  64,   56) (  59,   58) (  47,   56) (  66,   58) (  47,   54)
          (  71,   57) (  57,   57) (  58,   63) (  46,   54) (  70,   51) (  46,   61) (  65,   56) (  45,   51) (  65,   55) (  65,   56)
          (  60,   62) (  48,   56) (  60,   57) (  65,   59) (  58,   57) (  39,   53) (  61,   62) (  54,   54) (  48,   55) (  57,   56)
          (  47,   56) (  70,   52) (  51,   58) (  49,   54) (  63,   58) (  44,   58) (  66,   60) (  53,   60) (  50,   50) (  65,   63)
          (  56,   55) (  52,   53) (  58,   59) (  65,   64) (  50,   55) (  56,   54) (  61,   55) (  46,   59) (  44,   52) (  66,   60)
          (  38,   55) (  70,   50) (  51,   61) (  65,   57) (  49,   53) (  66,   54) (  55,   61) (  58,   53) (  52,   62) (  62,   56)
          (  60,   56) (  61,   61) (  49,   54) (  59,   57) (  60,   60) (  34,   55) (  74,   59) (  62,   55) (  59,   54) (  44,   59)
          (  63,   57) (  61,   51) (  57,   59) (  66,   53) (  50,   54) (  61,   62) (  50,   53) (  63,   56) (  58,   64) (  50,   52)
          (  62,   61) (  54,   61) (  50,   55) (  69,   60) (  46,   59) (  56,   57) (  57,   57) (  56,   62) (  47,   55) (  57,   61)
          (  66,   53) (  60,   62) (  59,   53) (  57,   57) (  57,   56) (  44,   54) (  63,   56) (  52,   54) (  63,   57) (  49,   57)
          (  51,   55) (  67,   60) (  53,   56) (  55,   57) (  68,   56) (  56,   60) (  55,   56) (  57,   56) (  47,   53) (  64,   55)
          (  65,   63) (  58,   58) (  64,   57) (  52,   52) (  51,   60) (  65,   52) (  46,   55) (  62,   54) (  64,   62) (  52,   61)
          (  64,   53) (  47,   59) (  58,   57) (  52,   57) (  65,   62) (  41,   49) (  75,   59) (  54,   57) (  42,   56) (  72,   59)
          (  53,   54) (  62,   52) (  52,   66) (  53,   52) (  57,   58) (  57,   61) (  63,   56) (  61,   59) (  60,   58) (  43,   60)
          (  63,   59) (  61,   59) (  43,   54) (  67,   57) (  51,   56) (  46,   56) (  58,   51) (  75,   57) (  59,   63) (  52,   55)
          (  56,   63) (  58,   51) (  49,   57) (  64,   63) (  49,   54) (  58,   56) (  45,   56) (  68,   55) (  50,   61) (  49,   53)
          (  72,   65) (  57,   55) (  71,   61) (  64,   69) (  64,   64) (  64,   64) (  64,   64) (  64,   64) (  64,   64) (  64,   64)
          (  64,   64) (  64,   64) (  64,   64) (  64,   64) (  64,   64) (  64,   64) (  64,   64) (  64,   64) (  64,   64) (  64,   64)
          (  64,   64) (  64,   64) (  64,   64) (  64,   64) (  64,   64) (  64,   64) (  64,   64) (  64,   64) (  64,   64) (  64,   64)
          (  64,   64) (  64,   64) (  64,   64) (  64,   64) (  64,   64) (  64,   64) (  64,   64) (  64,   64) (  64,   64) (  64,   64)
          (  64,   64) (  64,   64) (  64,   64) (  64,   64) (  64,   64) (  64,   64) (  64,   64) (  64,   64) (  64,   64) (  64,   64)
          (  64,   64) (  64,   64) (  64,   64) (  64,   64) (  64,   64) (  64,   64) (  64,   64) (  64,   64) (  64,   64) (  64,   64)
          (  64,   64) (  64,   64) (  64,   64) (  64,   64) (  64,   64) (  64,   64) (  64,   64) (  64,   64) (  64,   64) (  64,   64)
          (  64,   64) (  64,   64) (  64,   64) (  64,   64) (  64,   64) (  64,   64) (  64,   64) (  64,   64) (  64,   64) (  64,   64)
          (  64,   64) (  64,   64) (  64,   64) (  64,   64) (  64,   64) (  64,   64) (  64,   64) (  64,   64) (  64,   64) (  64,   64)
          (  64,   64) (  64,   64) (  64,   64) (  64,   64) (  64,   64) (  64,   64) (  64,   64) (  64,   64) (  64,   64) (  64,   64)
          (  64,   64) (  64,   64) (  64,   64) (  64,   64) (  64,   64) (  64,   64) (  64,   64) (  64,   64) (  64,   64) (  64,   64)
          (  64,   64) (  64,   64) (  64,   64) (  64,   64) (  64,   64) (  64,   64) (  64,   64) (  64,   64) (  64,   64) (  64,   64)
          (  64,   64) (  64,   64) (  64,   64) (  64,   64) (  64,   64) (  64,   64) (  64,   64) (  64,   64) (  64,   64) (  64,   64)
          (  64,   64) (  64,   64) (  64,   64) (  64,   64) (  64,   64) (  64,   64) (  64,   64) (  64,   64) (  64,   64) (  64,   64)
          (  64,   64) (  64,   64) (  64,   64) (  64,   64) (  64,   64) (  64,   64) (  64,   64) (  64,   64) (  64,   64) (  64,   64)
          (  64,   64) (  64,   64) (  64,   64) (  64,   64) (  64,   64) (  64,   64) (  64,   64) (  64,   64) (  64,   64) (  64,   64)
          (  64,   64) (  64,   64) (  64,   64) (  64,   64) (  64,   64) (  64,   64) (  64,   64) (  64,   64) (  64,   64) (  64,   64)
          (  64,   64) (  64,   64) (  64,   64) (  64,   64) (  64,   64) (  64,   64) (  64,   64) (  64,   64) (  64,   64) (  64,   64)
          (  64,   64) (  64,   64) (  64,   64) (  64,   64) (  64,   64) (  64,   64) (  64,   64) (  64,   64) (  64,   64) (  64,   64)
          (  64,   64) (  64,   64) (  64,   64) (  64,   64) (  64,   64) (  64,   64) (  64,   64) (  64,   64) (  64,   64) (  64,   64)
          (  64,   64) (  64,   64) (  64,   64) (  64,   64) (  64,   64) (  64,   64) (  64,   64) (  64,   64) (  64,   64) (  64,   64)
          (  64,   64) (  64,   64) (  64,   64) (  64,   64) (  64,   64) (  64,   64) (  64,   64) (  64,   64) (  64,   64) (  64,   64)
          (  64,   64) (  64,   64) (  64,   64) (  64,   64) (  64,   64) (  64,   64) (  64,   64) (  64,   64) (  64,   64) (  64,   64)
          (  64,   64) (  64,   64) (  64,   64) (  64,   64) (  64,   64) (  64,   64) (  64,   64) (  64,   64) (  64,   64) (  64,   64)
          (  64,   64) (  64,   64) (  64,   64) (  64,   64) (  64,   64) (  64,   64) (  64,   64) (  64,   64) (  64,   64) (  64,   64)
          (  64,   64) (  64,   64) (  64,   64) (  64,   64) (  64,   64) (  64,   64) (  64,   64) (  64,   64) (  64,   64) (  64,   64)
          (  64,   64) (  64,   64) (  64,   64) (  64,   64) (  64,   64) (  64,   64) (  64,   64) (  64,   64) (  64,   64) (  64,   64)
          (  64,   64) (  64,   64) (  64,   64) (  64,   64) (  64,   64) (  64,   64) (  64,   64) (  64,   64) (  64,   64) (  64,   64)
          (  64,   64) (  64,   64) (  64,   64) (  64,   64) (  64,   64) (  64,   64) (  64,   64) (  64,   64) (  64,   64) (  64,   64)
          (  64,   64) (  64,   64) (  64,   64) (  64,   64) (  64,   64) (  64,   64) (  64,   64) (  64,   64) (  64,   64) (  64,   64)
          (  64,   64) (  64,   64) (  64,   64) (  64,   64) (  64,   64) (  64,   64) (  64,   64) (  64,   64) (  64,   64) (  64,   64)
          (  64,   64) (  64,   64) (  64,   64) (  64,   64) (  64,   64) (  64,   64) (  64,   64) (  64,   64) (  64,   64) (  64,   64)
          (  64,   64) (  64,   64) (  64,   64) (  64,   64) (  64,   64) (  64,   64) (  64,   64) (  64,   64) (  64,   64) (  64,   64)
          (  64,   64) (  64,   64) (  64,   64) (  64,   64) (  64,   64) (  64,   64) (  64,   64) (  64,   64) (  64,   64) (  64,   64)
          (  64,   64) (  64,   64) (  64,   64) (  64,   64) (  64,   64) (  64,   64) (  64,   64) (  64,   64) (  64,   64) (  64,   64)
          (  64,   64) (  64,   64) (  64,   64) (  64,   64) (  64,   64) (  64,   64) (  64,   64) (  64,   64) (  64,   64) (  64,   64)
          (  64,   64) (  64,   64) (  64,   64) (  64,   64) (  64,   64) (  64,   64) (  64,   64) (  64,   64) (  64,   64) (  64,   64)
          (  64,   64) (  64,   64) (  64,   64) (  64,   64) (  64,   64) (  64,   64) (  64,   64) (  64,   64) (  64,   64) (  64,   64)
          (  64,   64) (  64,   64) (  64,   64) (  64,   64) (  64,   64) (  64,   64) (  64,   64) (  64,   64) (  64,   64) (  64,   64)
          (  64,   64) (  64,   64) (  64,   64) (  64,   64) (  64,   64) (  64,   64) (  64,   64) (  64,   64) (  64,   64) (  64,   64)
         
node   6 sent_total  44329  recv_total  44238

node   7  (   0,    0) (   1,    0) (   0,    0) (   3,    3) (  79,   25) (  65,   60) (  97,   77) (  81,   91) (  81,   81) (  81,   81)
          (  81,   81) (  81,   81) (  81,   81) (  81,   81) (  81,   81) (  81,   81) (  81,   81) (  81,   81) (  81,   81) (  81,   81)
          (  81,   81) (  81,   81) (  81,   81) (  81,   81) (  81,   81) (  81,   81) (  81,   81) (  81,   81) (  81,   81) (  81,   81)
          (  81,   81) (  81,   81) (  81,   81) (  81,   81) (  81,   81) (  81,   81) (  81,   81) (  81,   81) (  81,   81) (  81,   81)
          (  81,   81) (  81,   81) (  81,   81) (  81,   81) (  81,   81) (  81,   81) (  81,   81) (  81,   81) (  81,   81) (  81,   81)
          (  81,   81) (  69,   81) (  66,   73) (  74,   68) (  76,   72) (  58,   72) (  87,   68) (  78,   73) (  72,   73) (  63,   72)
          (  72,   75) (  82,   72) (  60,   71) (  89,   76) (  74,   74) (  67,   79) (  68,   67) (  81,   81) (  68,   72) (  74,   74)
          (  81,   76) (  74,   67) (  72,   76) (  62,   65) (  81,   72) (  74,   80) (  76,   69) (  66,   68) (  65,   78) (  82,   72)
          (  67,   73) (  75,   69) (  81,   67) (  66,   81) (  83,   77) (  66,   74) (  62,   68) (  79,   77) (  62,   68) (  85,   72)
          (  64,   69) (  72,   70) (  92,   75) (  78,   73) (  71,   72) (  72,   73) (  64,   72) (  71,   72) (  80,   72) (  73,   75)
          (  72,   75) (  65,   72) (  72,   60) (  62,   62) (  66,   56) (  64,   57) (  47,   51) (  80,   63) (  41,   54) (  68,   54)
          (  60,   59) (  55,   53) (  53,   57) (  63,   55) (  49,   58) (  60,   62) (  56,   50) (  61,   64) (  43,   54) (  62,   55)
          (  50,   60) (  69,   53) (  59,   63) (  57,   58) (  60,   59) (  51,   56) (  48,   56) (  79,   52) (  47,   56) (  60,   52)
          (  55,   60) (  48,   56) (  43,   55) (  75,   52) (  46,   57) (  58,   60) (  57,   53) (  57,   57) (  57,   61) (  57,   55)
          (  56,   63) (  42,   60) (  57,   58) (  68,   58) (  57,   52) (  58,   60) (  55,   66) (  55,   55) (  43,   61) (  71,   57)
          (  52,   58) (  55,   54) (  54,   59) (  57,   57) (  65,   54) (  58,   63) (  58,   57) (  60,   58) (  52,   55) (  52,   57)
          (  60,   58) (  61,   57) (  63,   57) (  57,   60) (  57,   57) (  56,   56) (  40,   56) (  74,   55) (  55,   56) (  56,   55)
          (  50,   62) (  60,   53) (  56,   60) (  52,   58) (  54,   56) (  65,   64) (  59,   55) (  38,   56) (  68,   53) (  58,   55)
          (  52,   59) (  59,   53) (  58,   63) (  53,   56) (  67,   62) (  50,   48) (  56,   56) (  51,   55) (  73,   52) (  53,   55)
          (  55,   66) (  44,   52) (  65,   60) (  54,   54) (  50,   60) (  60,   55) (  61,   58) (  49,   48) (  50,   53) (  66,   58)
          (  53,   55) (  49,   59) (  61,   52) (  63,   59) (  48,   56) (  61,   60) (  60,   54) (  42,   55) (  61,   56) (  74,   59)
          (  46,   51) (  71,   54) (  45,   57) (  71,   57) (  51,   59) (  64,   59) (  56,   60) (  55,   55) (  57,   56) (  53,   54)
          (  53,   54) (  60,   53) (  60,   57) (  55,   57) (  59,   59) (  61,   60) (  57,   55) (  58,   55) (  61,   58) (  52,   53)
          (  51,   55) (  58,   62) (  57,   57) (  53,   59) (  54,   54) (  58,   58) (  60,   52) (  49,   59) (  64,   57) (  66,   60)
          (  63,   51) (  60,   59) (  57,   64) (  44,   56) (  55,   55) (  54,   62) (  53,   48) (  54,   56) (  53,   56) (  59,   54)
          (  49,   64) (  57,   60) (  61,   58) (  49,   50) (  53,   60) (  58,   53) (  55,   57) (  62,   55) (  52,   60) (  58,   56)
          (  63,   52) (  52,   58) (  49,   58) (  60,   56) (  66,   60) (  45,   51) (  69,   55) (  59,   57) (  59,   54) (  68,   58)
          (  51,   57) (  62,   59) (  48,   59) (  68,   49) (  59,   54) (  51,   56) (  68,   58) (  55,   58) (  58,   54) (  65,   63)
          (  57,   57) (  53,   60) (  54,   51) (  70,   55) (  56,   56) (  56,   57) (  56,   55) (  58,   53) (  50,   59) (  72,   58)
          (  54,   59) (  57,   50) (  59,   58) (  60,   60) (  52,   57) (  59,   56) (  54,   57) (  69,   54) (  59,   63) (  51,   53)
          (  58,   61) (  71,   61) (  64,   61) (  64,   68) (  64,   64) (  64,   64) (  64,   64) (  64,   64) (  64,   64) (  64,   64)
          (  64,   64) (  64,   64) (  64,   64) (  64,   64) (  64,   64) (  64,   64) (  64,   64) (  64,   64) (  64,   64) (  64,   64)
          (  64,   64) (  64,   64) (  64,   64) (  64,   64) (  64,   64) (  64,   64) (  64,   64) (  64,   64) (  64,   64) (  64,   64)
          (  64,   64) (  64,   64) (  64,   64) (  64,   64) (  64,   64) (  64,   64) (  64,   64) (  64,   64) (  64,   64) (  64,   64)
          (  64,   64) (  64,   64) (  64,   64) (  64,   64) (  64,   64) (  64,   64) (  64,   64) (  64,   64) (  64,   64) (  64,   64)
          (  64,   64) (  64,   64) (  64,   64) (  64,   64) (  64,   64) (  64,   64) (  64,   64) (  64,   64) (  64,   64) (  64,   64)
          (  64,   64) (  64,   64) (  64,   64) (  64,   64) (  64,   64) (  64,   64) (  64,   64) (  64,   64) (  64,   64) (  64,   64)
          (  64,   64) (  64,   64) (  64,   64) (  64,   64) (  64,   64) (  64,   64) (  64,   64) (  64,   64) (  64,   64) (  64,   64)
          (  64,   64) (  64,   64) (  64,   64) (  64,   64) (  64,   64) (  64,   64) (  64,   64) (  64,   64) (  64,   64) (  64,   64)
          (  64,   64) (  64,   64) (  64,   64) (  64,   64) (  64,   64) (  64,   64) (  64,   64) (  64,   64) (  64,   64) (  64,   64)
          (  64,   64) (  64,   64) (  64,   64) (  64,   64) (  64,   64) (  64,   64) (  64,   64) (  64,   64) (  64,   64) (  64,   64)
          (  64,   64) (  64,   64) (  64,   64) (  64,   64) (  64,   64) (  64,   64) (  64,   64) (  64,   64) (  64,   64) (  64,   64)
          (  64,   64) (  64,   64) (  64,   64) (  64,   64) (  64,   64) (  64,   64) (  64,   64) (  64,   64) (  64,   64) (  64,   64)
          (  64,   64) (  64,   64) (  64,   64) (  64,   64) (  64,   64) (  64,   64) (  64,   64) (  64,   64) (  64,   64) (  64,   64)
          (  64,   64) (  64,   64) (  64,   64) (  64,   64) (  64,   64) (  64,   64) (  64,   64) (  64,   64) (  64,   64) (  64,   64)
          (  64,   64) (  64,   64) (  64,   64) (  64,   64) (  64,   64) (  64,   64) (  64,   64) (  64,   64) (  64,   64) (  64,   64)
          (  64,   64) (  64,   64) (  64,   64) (  64,   64) (  64,   64) (  64,   64) (  64,   64) (  64,   64) (  64,   64) (  64,   64)
          (  64,   64) (  64,   64) (  64,   64) (  64,   64) (  64,   64) (  64,   64) (  64,   64) (  64,   64) (  64,   64) (  64,   64)
          (  64,   64) (  64,   64) (  64,   64) (  64,   64) (  64,   64) (  64,   64) (  64,   64) (  64,   64) (  64,   64) (  64,   64)
          (  64,   64) (  64,   64) (  64,   64) (  64,   64) (  64,   64) (  64,   64) (  64,   64) (  64,   64) (  64,   64) (  64,   64)
          (  64,   64) (  64,   64) (  64,   64) (  64,   64) (  64,   64) (  64,   64) (  64,   64) (  64,   64) (  64,   64) (  64,   64)
          (  64,   64) (  64,   64) (  64,   64) (  64,   64) (  64,   64) (  64,   64) (  64,   64) (  64,   64) (  64,   64) (  64,   64)
          (  64,   64) (  64,   64) (  64,   64) (  64,   64) (  64,   64) (  64,   64) (  64,   64) (  64,   64) (  64,   64) (  64,   64)
          (  64,   64) (  64,   64) (  64,   64) (  64,   64) (  64,   64) (  64,   64) (  64,   64) (  64,   64) (  64,   64) (  64,   64)
          (  64,   64) (  64,   64) (  64,   64) (  64,   64) (  64,   64) (  64,   64) (  64,   64) (  64,   64) (  64,   64) (  64,   64)
          (  64,   64) (  64,   64) (  64,   64) (  64,   64) (  64,   64) (  64,   64) (  64,   64) (  64,   64) (  64,   64) (  64,   64)
          (  64,   64) (  64,   64) (  64,   64) (  64,   64) (  64,   64) (  64,   64) (  64,   64) (  64,   64) (  64,   64) (  64,   64)
          (  64,   64) (  64,   64) (  64,   64) (  64,   64) (  64,   64) (  64,   64) (  64,   64) (  64,   64) (  64,   64) (  64,   64)
          (  64,   64) (  64,   64) (  64,   64) (  64,   64) (  64,   64) (  64,   64) (  64,   64) (  64,   64) (  64,   64) (  64,   64)
          (  64,   64) (  64,   64) (  64,   64) (  64,   64) (  64,   64) (  64,   64) (  64,   64) (  64,   64) (  64,   64) (  64,   64)
          (  64,   64) (  64,   64) (  64,   64) (  64,   64) (  64,   64) (  64,   64) (  64,   64) (  64,   64) (  64,   64) (  64,   64)
          (  64,   64) (  64,   64) (  64,   64) (  64,   64) (  64,   64) (  64,   64) (  64,   64) (  64,   64) (  64,   64) (  64,   64)
          (  64,   64) (  64,   64) (  64,   64) (  64,   64) (  64,   64) (  64,   64) (  64,   64) (  64,   64) (  64,   64) (  64,   64)
          (  64,   64) (  64,   64) (  64,   64) (  64,   64) (  64,   64) (  64,   64) (  64,   64) (  64,   64) (  64,   64) (  64,   64)
          (  64,   64) (  64,   64) (  64,   64) (  64,   64) (  64,   64) (  64,   64) (  64,   64) (  64,   64) (  64,   64) (  64,   64)
          (  64,   64) (  64,   64) (  64,   64) (  64,   64) (  64,   64) (  64,   64) (  64,   64) (  64,   64) (  64,   64) (  64,   64)
          (  64,   64) (  64,   64) (  64,   64) (  64,   64) (  64,   64) (  64,   64) (  64,   64) (  64,   64) (  64,   64) (  64,   64)
          (  64,   64) (  64,   64) (  64,   64) (  64,   64) (  64,   64) (  64,   64) (  64,   64) (  64,   64) (  64,   64) (  64,   64)
          (  64,   64) (  64,   64) (  64,   64) (  64,   64) (  64,   64) (  64,   64) (  64,   64) (  64,   64) (  64,   64) (  64,   64)
          (  64,   64) (  64,   64) (  64,   64) (  64,   64) (  64,   64) (  64,   64) (  64,   64) (  64,   64) (  64,   64) (  64,   64)
         
node   7 sent_total  44430  recv_total  44274

node   8  (   0,    0) (   1,    0) (   0,    0) (   1,    2) (  96,   27) (  65,   59) (  81,   73) (  81,   93) (  81,   81) (  81,   81)
          (  81,   81) (  81,   81) (  81,   81) (  81,   81) (  81,   81) (  81,   81) (  81,   81) (  81,   81) (  81,   81) (  81,   81)
          (  81,   81) (  81,   81) (  81,   81) (  81,   81) (  81,   81) (  81,   81) (  81,   81) (  81,   81) (  81,   81) (  81,   81)
          (  81,   81) (  81,   81) (  81,   81) (  81,   81) (  81,   81) (  81,   81) (  81,   81) (  81,   81) (  81,   81) (  81,   81)
          (  81,   81) (  81,   81) (  81,   81) (  81,   81) (  81,   81) (  81,   81) (  81,   81) (  81,   81) (  81,   81) (  81,   81)
          (  81,   81) (  76,   81) (  69,   73) (  72,   70) (  74,   68) (  64,   74) (  71,   72) (  70,   76) (  87,   80) (  61,   70)
          (  62,   71) (  72,   70) (  58,   71) ( 100,   76) (  66,   68) (  67,   75) (  77,   65) (  66,   73) (  81,   67) (  75,   69)
          (  83,   76) (  72,   74) (  60,   70) (  82,   72) (  82,   72) (  55,   72) (  83,   70) (  78,   73) (  53,   69) (  76,   72)
          (  82,   77) (  79,   68) (  69,   70) (  59,   76) (  91,   65) (  81,   76) (  69,   69) (  58,   66) (  84,   79) (  80,   65)
          (  54,   74) (  84,   74) (  59,   66) (  81,   69) (  66,   74) (  75,   74) (  74,   76) (  67,   78) (  72,   75) (  68,   71)
          (  79,   77) (  79,   72) (  67,   62) (  43,   59) (  72,   56) (  65,   59) (  74,   49) (  59,   58) (  61,   55) (  67,   55)
          (  60,   63) (  50,   53) (  60,   58) (  56,   50) (  59,   62) (  48,   54) (  65,   53) (  53,   57) (  59,   52) (  51,   58)
          (  63,   55) (  59,   59) (  62,   63) (  47,   54) (  56,   54) (  68,   59) (  44,   56) (  72,   53) (  46,   60) (  71,   52)
          (  58,   58) (  59,   59) (  53,   54) (  51,   51) (  72,   61) (  55,   55) (  57,   59) (  57,   58) (  55,   56) (  61,   53)
          (  54,   57) (  59,   57) (  63,   54) (  50,   57) (  59,   59) (  60,   61) (  40,   54) (  79,   60) (  47,   51) (  58,   58)
          (  56,   60) (  68,   54) (  56,   56) (  39,   52) (  67,   54) (  52,   60) (  56,   55) (  59,   54) (  48,   50) (  58,   58)
          (  51,   64) (  55,   53) (  56,   58) (  58,   60) (  56,   58) (  61,   58) (  40,   54) (  75,   54) (  60,   57) (  54,   60)
          (  65,   61) (  55,   52) (  59,   63) (  49,   56) (  74,   54) (  53,   62) (  54,   54) (  66,   62) (  52,   47) (  56,   58)
          (  45,   60) (  50,   53) (  78,   57) (  54,   53) (  57,   57) (  65,   60) (  46,   57) (  61,   57) (  67,   51) (  59,   57)
          (  53,   61) (  66,   50) (  44,   62) (  57,   52) (  70,   51) (  53,   55) (  60,   60) (  44,   53) (  56,   58) (  64,   55)
          (  46,   60) (  59,   62) (  39,   47) (  75,   60) (  60,   52) (  56,   57) (  51,   56) (  54,   58) (  67,   59) (  45,   53)
          (  58,   57) (  61,   55) (  59,   60) (  51,   55) (  64,   60) (  53,   61) (  55,   59) (  60,   56) (  46,   57) (  58,   51)
          (  58,   57) (  67,   58) (  51,   57) (  60,   56) (  52,   57) (  57,   60) (  56,   55) (  56,   61) (  64,   58) (  42,   58)
          (  62,   51) (  31,   57) (  71,   60) (  45,   60) (  58,   54) (  51,   51) (  54,   58) (  74,   57) (  56,   55) (  57,   63)
          (  53,   54) (  61,   59) (  55,   61) (  53,   54) (  71,   56) (  43,   61) (  68,   58) (  55,   58) (  33,   48) (  89,   59)
          (  49,   57) (  58,   59) (  39,   57) (  73,   55) (  49,   60) (  73,   57) (  58,   55) (  59,   52) (  55,   64) (  53,   61)
          (  58,   54) (  49,   56) (  72,   60) (  50,   54) (  44,   55) (  79,   52) (  50,   56) (  57,   59) (  45,   53) (  51,   60)
          (  64,   63) (  53,   53) (  57,   59) (  41,   47) (  72,   56) (  64,   60) (  42,   54) (  52,   58) (  67,   52) (  61,   60)
          (  61,   59) (  59,   60) (  50,   57) (  51,   57) (  58,   59) (  48,   61) (  59,   54) (  48,   50) (  76,   60) (  53,   56)
          (  53,   58) (  56,   52) (  67,   56) (  42,   55) (  66,   56) (  55,   57) (  57,   57) (  64,   51) (  57,   62) (  56,   53)
          (  52,   51) (  71,   64) (  64,   61) (  64,   68) (  64,   64) (  64,   64) (  64,   64) (  64,   64) (  64,   64) (  64,   64)
          (  64,   64) (  64,   64) (  64,   64) (  64,   64) (  64,   64) (  64,   64) (  64,   64) (  64,   64) (  64,   64) (  64,   64)
          (  64,   64) (  64,   64) (  64,   64) (  64,   64) (  64,   64) (  64,   64) (  64,   64) (  64,   64) (  64,   64) (  64,   64)
          (  64,   64) (  64,   64) (  64,   64) (  64,   64) (  64,   64) (  64,   64) (  64,   64) (  64,   64) (  64,   64) (  64,   64)
          (  64,   64) (  64,   64) (  64,   64) (  64,   64) (  64,   64) (  64,   64) (  64,   64) (  64,   64) (  64,   64) (  64,   64)
          (  64,   64) (  64,   64) (  64,   64) (  64,   64) (  64,   64) (  64,   64) (  64,   64) (  64,   64) (  64,   64) (  64,   64)
          (  64,   64) (  64,   64) (  64,   64) (  64,   64) (  64,   64) (  64,   64) (  64,   64) (  64,   64) (  64,   64) (  64,   64)
          (  64,   64) (  64,   64) (  64,   64) (  64,   64) (  64,   64) (  64,   64) (  64,   64) (  64,   64) (  64,   64) (  64,   64)
          (  64,   64) (  64,   64) (  64,   64) (  64,   64) (  64,   64) (  64,   64) (  64,   64) (  64,   64) (  64,   64) (  64,   64)
          (  64,   64) (  64,   64) (  64,   64) (  64,   64) (  64,   64) (  64,   64) (  64,   64) (  64,   64) (  64,   64) (  64,   64)
          (  64,   64) (  64,   64) (  64,   64) (  64,   64) (  64,   64) (  64,   64) (  64,   64) (  64,   64) (  64,   64) (  64,   64)
          (  64,   64) (  64,   64) (  64,   64) (  64,   64) (  64,   64) (  64,   64) (  64,   64) (  64,   64) (  64,   64) (  64,   64)
          (  64,   64) (  64,   64) (  64,   64) (  64,   64) (  64,   64) (  64,   64) (  64,   64) (  64,   64) (  64,   64) (  64,   64)
          (  64,   64) (  64,   64) (  64,   64) (  64,   64) (  64,   64) (  64,   64) (  64,   64) (  64,   64) (  64,   64) (  64,   64)
          (  64,   64) (  64,   64) (  64,   64) (  64,   64) (  64,   64) (  64,   64) (  64,   64) (  64,   64) (  64,   64) (  64,   64)
          (  64,   64) (  64,   64) (  64,   64) (  64,   64) (  64,   64) (  64,   64) (  64,   64) (  64,   64) (  64,   64) (  64,   64)
          (  64,   64) (  64,   64) (  64,   64) (  64,   64) (  64,   64) (  64,   64) (  64,   64) (  64,   64) (  64,   64) (  64,   64)
          (  64,   64) (  64,   64) (  64,   64) (  64,   64) (  64,   64) (  64,   64) (  64,   64) (  64,   64) (  64,   64) (  64,   64)
          (  64,   64) (  64,   64) (  64,   64) (  64,   64) (  64,   64) (  64,   64) (  64,   64) (  64,   64) (  64,   64) (  64,   64)
          (  64,   64) (  64,   64) (  64,   64) (  64,   64) (  64,   64) (  64,   64) (  64,   64) (  64,   64) (  64,   64) (  64,   64)
          (  64,   64) (  64,   64) (  64,   64) (  64,   64) (  64,   64) (  64,   64) (  64,   64) (  64,   64) (  64,   64) (  64,   64)
          (  64,   64) (  64,   64) (  64,   64) (  64,   64) (  64,   64) (  64,   64) (  64,   64) (  64,   64) (  64,   64) (  64,   64)
          (  64,   64) (  64,   64) (  64,   64) (  64,   64) (  64,   64) (  64,   64) (  64,   64) (  64,   64) (  64,   64) (  64,   64)
          (  64,   64) (  64,   64) (  64,   64) (  64,   64) (  64,   64) (  64,   64) (  64,   64) (  64,   64) (  64,   64) (  64,   64)
          (  64,   64) (  64,   64) (  64,   64) (  64,   64) (  64,   64) (  64,   64) (  64,   64) (  64,   64) (  64,   64) (  64,   64)
          (  64,   64) (  64,   64) (  64,   64) (  64,   64) (  64,   64) (  64,   64) (  64,   64) (  64,   64) (  64,   64) (  64,   64)
          (  64,   64) (  64,   64) (  64,   64) (  64,   64) (  64,   64) (  64,   64) (  64,   64) (  64,   64) (  64,   64) (  64,   64)
          (  64,   64) (  64,   64) (  64,   64) (  64,   64) (  64,   64) (  64,   64) (  64,   64) (  64,   64) (  64,   64) (  64,   64)
          (  64,   64) (  64,   64) (  64,   64) (  64,   64) (  64,   64) (  64,   64) (  64,   64) (  64,   64) (  64,   64) (  64,   64)
          (  64,   64) (  64,   64) (  64,   64) (  64,   64) (  64,   64) (  64,   64) (  64,   64) (  64,   64) (  64,   64) (  64,   64)
          (  64,   64) (  64,   64) (  64,   64) (  64,   64) (  64,   64) (  64,   64) (  64,   64) (  64,   64) (  64,   64) (  64,   64)
          (  64,   64) (  64,   64) (  64,   64) (  64,   64) (  64,   64) (  64,   64) (  64,   64) (  64,   64) (  64,   64) (  64,   64)
          (  64,   64) (  64,   64) (  64,   64) (  64,   64) (  64,   64) (  64,   64) (  64,   64) (  64,   64) (  64,   64) (  64,   64)
          (  64,   64) (  64,   64) (  64,   64) (  64,   64) (  64,   64) (  64,   64) (  64,   64) (  64,   64) (  64,   64) (  64,   64)
          (  64,   64) (  64,   64) (  64,   64) (  64,   64) (  64,   64) (  64,   64) (  64,   64) (  64,   64) (  64,   64) (  64,   64)
          (  64,   64) (  64,   64) (  64,   64) (  64,   64) (  64,   64) (  64,   64) (  64,   64) (  64,   64) (  64,   64) (  64,   64)
          (  64,   64) (  64,   64) (  64,   64) (  64,   64) (  64,   64) (  64,   64) (  64,   64) (  64,   64) (  64,   64) (  64,   64)
          (  64,   64) (  64,   64) (  64,   64) (  64,   64) (  64,   64) (  64,   64) (  64,   64) (  64,   64) (  64,   64) (  64,   64)
          (  64,   64) (  64,   64) (  64,   64) (  64,   64) (  64,   64) (  64,   64) (  64,   64) (  64,   64) (  64,   64) (  64,   64)
          (  64,   64) (  64,   64) (  64,   64) (  64,   64) (  64,   64) (  64,   64) (  64,   64) (  64,   64) (  64,   64) (  64,   64)
         
node   8 sent_total  44416  recv_total  44206

node   9  (   0,    0) (   0,    0) (   1,    0) (   0,    0) (   4,    3) (  82,   28) (  81,   85) (  81,   87) (  81,   81) (  81,   81)
          (  81,   81) (  81,   81) (  81,   81) (  81,   81) (  81,   81) (  81,   81) (  81,   81) (  81,   81) (  81,   81) (  81,   81)
          (  81,   81) (  81,   81) (  81,   81) (  81,   81) (  81,   81) (  81,   81) (  81,   81) (  81,   81) (  81,   81) (  81,   81)
          (  81,   81) (  81,   81) (  81,   81) (  81,   81) (  81,   81) (  81,   81) (  81,   81) (  81,   81) (  81,   81) (  81,   81)
          (  81,   81) (  81,   81) (  81,   81) (  81,   81) (  81,   81) (  81,   81) (  81,   81) (  81,   81) (  81,   81) (  81,   81)
          (  81,   81) (  76,   81) (  73,   73) (  49,   65) (  83,   72) (  70,   71) (  73,   73) (  67,   74) (  67,   72) (  58,   68)
          (  79,   61) (  79,   72) (  83,   69) (  72,   78) (  75,   78) (  56,   72) (  72,   71) (  86,   77) (  70,   68) (  64,   69)
          (  67,   74) (  84,   76) (  69,   76) (  79,   70) (  64,   69) (  77,   82) (  65,   66) (  81,   72) (  73,   72) (  73,   73)
          (  71,   73) (  55,   71) (  94,   75) (  70,   80) (  72,   68) (  73,   79) (  64,   71) (  73,   68) (  64,   69) (  72,   68)
          (  87,   81) (  69,   69) (  75,   73) (  64,   65) (  68,   73) (  67,   73) (  81,   71) (  75,   72) (  58,   68) (  83,   71)
          (  68,   68) (  75,   73) (  60,   60) (  80,   62) (  63,   58) (  57,   56) (  68,   54) (  76,   58) (  53,   51) (  64,   56)
          (  51,   62) (  60,   55) (  55,   57) (  61,   55) (  59,   59) (  51,   60) (  66,   53) (  59,   60) (  52,   47) (  70,   58)
          (  49,   53) (  68,   51) (  53,   56) (  59,   61) (  52,   58) (  60,   58) (  55,   57) (  65,   51) (  53,   66) (  59,   44)
          (  64,   59) (  43,   56) (  56,   54) (  52,   51) (  72,   63) (  52,   59) (  52,   54) (  61,   57) (  55,   60) (  54,   57)
          (  58,   61) (  68,   57) (  43,   52) (  62,   54) (  53,   59) (  69,   56) (  58,   56) (  57,   56) (  62,   55) (  53,   55)
          (  62,   62) (  52,   57) (  53,   62) (  71,   57) (  46,   44) (  70,   68) (  43,   54) (  61,   52) (  44,   55) (  66,   57)
          (  50,   57) (  70,   52) (  58,   59) (  61,   57) (  53,   60) (  53,   56) (  46,   55) (  72,   59) (  44,   55) (  70,   60)
          (  44,   55) (  64,   51) (  46,   61) (  67,   57) (  68,   58) (  59,   58) (  59,   55) (  55,   59) (  50,   52) (  69,   54)
          (  41,   56) (  71,   58) (  54,   57) (  67,   59) (  56,   56) (  50,   54) (  63,   59) (  46,   58) (  72,   51) (  58,   55)
          (  55,   66) (  62,   49) (  60,   60) (  47,   58) (  55,   59) (  54,   52) (  58,   61) (  63,   51) (  29,   53) (  69,   59)
          (  65,   60) (  52,   61) (  67,   54) (  52,   53) (  55,   59) (  54,   59) (  58,   51) (  69,   62) (  60,   55) (  43,   58)
          (  58,   55) (  63,   54) (  63,   58) (  57,   54) (  59,   55) (  46,   65) (  66,   62) (  59,   53) (  46,   59) (  71,   56)
          (  56,   55) (  60,   60) (  49,   61) (  57,   53) (  68,   54) (  61,   57) (  59,   53) (  54,   59) (  59,   57) (  51,   53)
          (  50,   52) (  66,   57) (  59,   50) (  60,   61) (  56,   56) (  49,   56) (  64,   59) (  57,   58) (  49,   54) (  57,   62)
          (  60,   55) (  59,   55) (  60,   59) (  47,   57) (  70,   54) (  48,   56) (  67,   54) (  57,   56) (  63,   59) (  61,   52)
          (  55,   63) (  64,   61) (  53,   59) (  64,   54) (  60,   62) (  52,   55) (  61,   63) (  60,   54) (  61,   63) (  48,   57)
          (  64,   57) (  54,   60) (  44,   52) (  75,   58) (  40,   57) (  64,   49) (  55,   53) (  53,   59) (  63,   59) (  52,   55)
          (  60,   62) (  62,   54) (  53,   55) (  64,   51) (  56,   59) (  49,   54) (  61,   62) (  48,   54) (  55,   52) (  65,   60)
          (  58,   52) (  60,   58) (  63,   51) (  55,   49) (  62,   60) (  43,   54) (  55,   56) (  67,   57) (  44,   58) (  61,   60)
          (  53,   59) (  52,   52) (  63,   55) (  52,   57) (  59,   54) (  53,   50) (  54,   60) (  60,   59) (  54,   61) (  51,   52)
          (  67,   64) (  57,   54) (  71,   63) (  64,   69) (  64,   64) (  64,   64) (  64,   64) (  64,   64) (  64,   64) (  64,   64)
          (  64,   64) (  64,   64) (  64,   64) (  64,   64) (  64,   64) (  64,   64) (  64,   64) (  64,   64) (  64,   64) (  64,   64)
          (  64,   64) (  64,   64) (  64,   64) (  64,   64) (  64,   64) (  64,   64) (  64,   64) (  64,   64) (  64,   64) (  64,   64)
          (  64,   64) (  64,   64) (  64,   64) (  64,   64) (  64,   64) (  64,   64) (  64,   64) (  64,   64) (  64,   64) (  64,   64)
          (  64,   64) (  64,   64) (  64,   64) (  64,   64) (  64,   64) (  64,   64) (  64,   64) (  64,   64) (  64,   64) (  64,   64)
          (  64,   64) (  64,   64) (  64,   64) (  64,   64) (  64,   64) (  64,   64) (  64,   64) (  64,   64) (  64,   64) (  64,   64)
          (  64,   64) (  64,   64) (  64,   64) (  64,   64) (  64,   64) (  64,   64) (  64,   64) (  64,   64) (  64,   64) (  64,   64)
          (  64,   64) (  64,   64) (  64,   64) (  64,   64) (  64,   64) (  64,   64) (  64,   64) (  64,   64) (  64,   64) (  64,   64)
          (  64,   64) (  64,   64) (  64,   64) (  64,   64) (  64,   64) (  64,   64) (  64,   64) (  64,   64) (  64,   64) (  64,   64)
          (  64,   64) (  64,   64) (  64,   64) (  64,   64) (  64,   64) (  64,   64) (  64,   64) (  64,   64) (  64,   64) (  64,   64)
          (  64,   64) (  64,   64) (  64,   64) (  64,   64) (  64,   64) (  64,   64) (  64,   64) (  64,   64) (  64,   64) (  64,   64)
          (  64,   64) (  64,   64) (  64,   64) (  64,   64) (  64,   64) (  64,   64) (  64,   64) (  64,   64) (  64,   64) (  64,   64)
          (  64,   64) (  64,   64) (  64,   64) (  64,   64) (  64,   64) (  64,   64) (  64,   64) (  64,   64) (  64,   64) (  64,   64)
          (  64,   64) (  64,   64) (  64,   64) (  64,   64) (  64,   64) (  64,   64) (  64,   64) (  64,   64) (  64,   64) (  64,   64)
          (  64,   64) (  64,   64) (  64,   64) (  64,   64) (  64,   64) (  64,   64) (  64,   64) (  64,   64) (  64,   64) (  64,   64)
          (  64,   64) (  64,   64) (  64,   64) (  64,   64) (  64,   64) (  64,   64) (  64,   64) (  64,   64) (  64,   64) (  64,   64)
          (  64,   64) (  64,   64) (  64,   64) (  64,   64) (  64,   64) (  64,   64) (  64,   64) (  64,   64) (  64,   64) (  64,   64)
          (  64,   64) (  64,   64) (  64,   64) (  64,   64) (  64,   64) (  64,   64) (  64,   64) (  64,   64) (  64,   64) (  64,   64)
          (  64,   64) (  64,   64) (  64,   64) (  64,   64) (  64,   64) (  64,   64) (  64,   64) (  64,   64) (  64,   64) (  64,   64)
          (  64,   64) (  64,   64) (  64,   64) (  64,   64) (  64,   64) (  64,   64) (  64,   64) (  64,   64) (  64,   64) (  64,   64)
          (  64,   64) (  64,   64) (  64,   64) (  64,   64) (  64,   64) (  64,   64) (  64,   64) (  64,   64) (  64,   64) (  64,   64)
          (  64,   64) (  64,   64) (  64,   64) (  64,   64) (  64,   64) (  64,   64) (  64,   64) (  64,   64) (  64,   64) (  64,   64)
          (  64,   64) (  64,   64) (  64,   64) (  64,   64) (  64,   64) (  64,   64) (  64,   64) (  64,   64) (  64,   64) (  64,   64)
          (  64,   64) (  64,   64) (  64,   64) (  64,   64) (  64,   64) (  64,   64) (  64,   64) (  64,   64) (  64,   64) (  64,   64)
          (  64,   64) (  64,   64) (  64,   64) (  64,   64) (  64,   64) (  64,   64) (  64,   64) (  64,   64) (  64,   64) (  64,   64)
          (  64,   64) (  64,   64) (  64,   64) (  64,   64) (  64,   64) (  64,   64) (  64,   64) (  64,   64) (  64,   64) (  64,   64)
          (  64,   64) (  64,   64) (  64,   64) (  64,   64) (  64,   64) (  64,   64) (  64,   64) (  64,   64) (  64,   64) (  64,   64)
          (  64,   64) (  64,   64) (  64,   64) (  64,   64) (  64,   64) (  64,   64) (  64,   64) (  64,   64) (  64,   64) (  64,   64)
          (  64,   64) (  64,   64) (  64,   64) (  64,   64) (  64,   64) (  64,   64) (  64,   64) (  64,   64) (  64,   64) (  64,   64)
          (  64,   64) (  64,   64) (  64,   64) (  64,   64) (  64,   64) (  64,   64) (  64,   64) (  64,   64) (  64,   64) (  64,   64)
          (  64,   64) (  64,   64) (  64,   64) (  64,   64) (  64,   64) (  64,   64) (  64,   64) (  64,   64) (  64,   64) (  64,   64)
          (  64,   64) (  64,   64) (  64,   64) (  64,   64) (  64,   64) (  64,   64) (  64,   64) (  64,   64) (  64,   64) (  64,   64)
          (  64,   64) (  64,   64) (  64,   64) (  64,   64) (  64,   64) (  64,   64) (  64,   64) (  64,   64) (  64,   64) (  64,   64)
          (  64,   64) (  64,   64) (  64,   64) (  64,   64) (  64,   64) (  64,   64) (  64,   64) (  64,   64) (  64,   64) (  64,   64)
          (  64,   64) (  64,   64) (  64,   64) (  64,   64) (  64,   64) (  64,   64) (  64,   64) (  64,   64) (  64,   64) (  64,   64)
          (  64,   64) (  64,   64) (  64,   64) (  64,   64) (  64,   64) (  64,   64) (  64,   64) (  64,   64) (  64,   64) (  64,   64)
          (  64,   64) (  64,   64) (  64,   64) (  64,   64) (  64,   64) (  64,   64) (  64,   64) (  64,   64) (  64,   64) (  64,   64)
          (  64,   64) (  64,   64) (  64,   64) (  64,   64) (  64,   64) (  64,   64) (  64,   64) (  64,   64) (  64,   64) (  64,   64)
          (  64,   64) (  64,   64) (  64,   64) (  64,   64) (  64,   64) (  64,   64) (  64,   64) (  64,   64) (  64,   64) (  64,   64)
          (  64,   64) (  64,   64) (  64,   64) (  64,   64) (  64,   64) (  64,   64) (  64,   64) (  64,   64) (  64,   64) (  64,   64)
         
node   9 sent_total  44405  recv_total  44143

node  10  (   0,    0) (   0,    0) (   1,    0) (   0,    0) (   1,    2) (  98,   42) (  81,   87) (  81,   87) (  81,   81) (  81,   81)
          (  81,   81) (  81,   81) (  81,   81) (  81,   81) (  81,   81) (  81,   81) (  81,   81) (  81,   81) (  81,   81) (  81,   81)
          (  81,   81) (  81,   81) (  81,   81) (  81,   81) (  81,   81) (  81,   81) (  81,   81) (  81,   81) (  81,   81) (  81,   81)
          (  81,   81) (  81,   81) (  81,   81) (  81,   81) (  81,   81) (  81,   81) (  81,   81) (  81,   81) (  81,   81) (  81,   81)
          (  81,   81) (  81,   81) (  81,   81) (  81,   81) (  81,   81) (  81,   81) (  81,   81) (  81,   81) (  81,   81) (  81,   81)
          (  81,   81) (  76,   81) (  71,   69) (  71,   60) (  74,   73) (  68,   70) (  71,   70) (  81,   70) (  75,   73) (  71,   68)
          (  76,   73) (  63,   69) (  64,   78) (  80,   71) (  82,   75) (  65,   77) (  80,   69) (  61,   76) (  87,   71) (  59,   66)
          (  73,   78) (  73,   70) (  76,   75) (  78,   67) (  75,   73) (  57,   75) (  74,   65) (  79,   70) (  57,   74) (  67,   75)
          (  72,   72) (  74,   74) (  81,   73) (  66,   80) (  79,   70) (  73,   77) (  63,   72) (  77,   73) (  65,   75) (  71,   69)
          (  78,   82) (  81,   69) (  71,   77) (  75,   70) (  80,   71) (  77,   74) (  64,   72) (  82,   72) (  67,   64) (  80,   75)
          (  63,   73) (   0,    0) (   0,    0) (   0,    0) (   0,    0) (   0,    0) (   0,    0) (   0,    0) (   0,    0) (   0,    0)
          (   0,    0) (   0,    0) (   0,    0) (   0,    0) (   0,    0) (   0,    0) (   0,    0) (   0,    0) (   0,    0) (   0,    0)
          (   0,    0) (   0,    0) (   0,    0) (   0,    0) (   0,    0) (   0,    0) (   0,    0) (   0,    0) (   0,    0) (   0,    0)
          (   0,    0) (   0,    0) (   0,    0) (   0,    0) (   0,    0) (   0,    0) (   0,    0) (   0,    0) (   0,    0) (   0,    0)
          (   0,    0) (   0,    0) (   0,    0) (   0,    0) (   0,    0) (   0,    0) (   0,    0) (   0,    0) (   0,    0) (   0,    0)
          (   0,    0) (   0,    0) (   0,    0) (   0,    0) (   0,    0) (   0,    0) (   0,    0) (   0,    0) (   0,    0) (   0,    0)
          (   0,    0) (   0,    0) (   0,    0) (   0,    0) (   0,    0) (   0,    0) (   0,    0) (   0,    0) (   0,    0) (   0,    0)
          (   0,    0) (   0,    0) (   0,    0) (   0,    0) (   0,    0) (   0,    0) (   0,    0) (   0,    0) (   0,    0) (   0,    0)
          (   0,    0) (   0,    0) (   0,    0) (   0,    0) (   0,    0) (   0,    0) (   0,    0) (   0,    0) (   0,    0) (   0,    0)
          (   0,    0) (   0,    0) (   0,    0) (   0,    0) (   0,    0) (   0,    0) (   0,    0) (   0,    0) (   0,    0) (   0,    0)
          (   0,    0) (   0,    0) (   0,    0) (   0,    0) (   0,    0) (   0,    0) (   0,    0) (   0,    0) (   0,    0) (   0,    0)
          (   0,    0) (   0,    0) (   0,    0) (   0,    0) (   0,    0) (   0,    0) (   0,    0) (   0,    0) (   0,    0) (   0,    0)
          (   0,    0) (   0,    0) (   0,    0) (   0,    0) (   0,    0) (   0,    0) (   0,    0) (   0,    0) (   0,    0) (   0,    0)
          (   0,    0) (   0,    0) (   0,    0) (   0,    0) (   0,    0) (   0,    0) (   0,    0) (   0,    0) (   0,    0) (   0,    0)
          (   0,    0) (   0,    0) (   0,    0) (   0,    0) (   0,    0) (   0,    0) (   0,    0) (   0,    0) (   0,    0) (   0,    0)
          (   0,    0) (   0,    0) (   0,    0) (   0,    0) (   0,    0) (   0,    0) (   0,    0) (   0,    0) (   0,    0) (   0,    0)
          (   0,    0) (   0,    0) (   0,    0) (   0,    0) (   0,    0) (   0,    0) (   0,    0) (   0,    0) (   0,    0) (   0,    0)
          (   0,    0) (   0,    0) (   0,    0) (   0,    0) (   0,    0) (   0,    0) (   0,    0) (   0,    0) (   0,    0) (   0,    0)
          (   0,    0) (   0,    0) (   0,    0) (   0,    0) (   0,    0) (   0,    0) (   0,    0) (   0,    0) (   0,    0) (   0,    0)
          (   0,    0) (   0,    0) (   0,    0) (   0,    0) (   0,    0) (   0,    0) (   0,    0) (   0,    0) (   0,    0) (   0,    0)
          (   0,    0) (   0,    0) (   0,    0) (   0,    0) (   0,    0) (   0,    0) (   0,    0) (   0,    0) (   0,    0) (   0,    0)
          (   0,    0) (   0,    0) (   0,    0) (   0,    0) (   0,    0) (   0,    0) (   0,    0) (   0,    0) (   0,    0) (   0,    0)
          (   0,    0) (   0,    0) (   0,    0) (   0,    0) (   0,    0) (   0,    0) (   0,    0) (   0,    0) (   0,    0) (   0,    0)
          (   0,    0) (   0,    0) (   0,    0) (   0,    0) (   0,    0) (   0,    0) (   0,    0) (   0,    0) (   0,    0) (   0,    0)
          (   0,    0) (   0,    0) (   0,    0) (   0,    0) (   0,    0) (   0,    0) (   0,    0) (   0,    0) (   0,    0) (   0,    0)
          (   0,    0) (   0,    0) (   0,    0) (   0,    0) (   0,    0) (   0,    0) (   0,    0) (   0,    0) (   0,    0) (   0,    0)
          (   0,    0) (   0,    0) (   0,    0) (   0,    0) (   0,    0) (   0,    0) (   0,    0) (   0,    0) (   0,    0) (   0,    0)
          (   0,    0) (   0,    0) (   0,    0) (   0,    0) (   0,    0) (   0,    0) (   0,    0) (   0,    0) (   0,    0) (   0,    0)
          (   0,    0) (   0,    0) (   0,    0) (   0,    0) (   0,    0) (   0,    0) (   0,    0) (   0,    0) (   0,    0) (   0,    0)
          (   0,    0) (   0,    0) (   0,    0) (   0,    0) (   0,    0) (   0,    0) (   0,    0) (   0,    0) (   0,    0) (   0,    0)
          (   0,    0) (   0,    0) (   0,    0) (   0,    0) (   0,    0) (   0,    0) (   0,    0) (   0,    0) (   0,    0) (   0,    0)
          (   0,    0) (   0,    0) (   0,    0) (   0,    0) (   0,    0) (   0,    0) (   0,    0) (   0,    0) (   0,    0) (   0,    0)
          (   0,    0) (   0,    0) (   0,    0) (   0,    0) (   0,    0) (   0,    0) (   0,    0) (   0,    0) (   0,    0) (   0,    0)
          (   0,    0) (   0,    0) (   0,    0) (   0,    0) (   0,    0) (   0,    0) (   0,    0) (   0,    0) (   0,    0) (   0,    0)
          (   0,    0) (   0,    0) (   0,    0) (   0,    0) (   0,    0) (   0,    0) (   0,    0) (   0,    0) (   0,    0) (   0,    0)
          (   0,    0) (   0,    0) (   0,    0) (   0,    0) (   0,    0) (   0,    0) (   0,    0) (   0,    0) (   0,    0) (   0,    0)
          (   0,    0) (   0,    0) (   0,    0) (   0,    0) (   0,    0) (   0,    0) (   0,    0) (   0,    0) (   0,    0) (   0,    0)
          (   0,    0) (   0,    0) (   0,    0) (   0,    0) (   0,    0) (   0,    0) (   0,    0) (   0,    0) (   0,    0) (   0,    0)
          (   0,    0) (   0,    0) (   0,    0) (   0,    0) (   0,    0) (   0,    0) (   0,    0) (   0,    0) (   0,    0) (   0,    0)
          (   0,    0) (   0,    0) (   0,    0) (   0,    0) (   0,    0) (   0,    0) (   0,    0) (   0,    0) (   0,    0) (   0,    0)
          (   0,    0) (   0,    0) (   0,    0) (   0,    0) (   0,    0) (   0,    0) (   0,    0) (   0,    0) (   0,    0) (   0,    0)
          (   0,    0) (   0,    0) (   0,    0) (   0,    0) (   0,    0) (   0,    0) (   0,    0) (   0,    0) (   0,    0) (   0,    0)
          (   0,    0) (   0,    0) (   0,    0) (   0,    0) (   0,    0) (   0,    0) (   0,    0) (   0,    0) (   0,    0) (   0,    0)
          (   0,    0) (   0,    0) (   0,    0) (   0,    0) (   0,    0) (   0,    0) (   0,    0) (   0,    0) (   0,    0) (   0,    0)
          (   0,    0) (   0,    0) (   0,    0) (   0,    0) (   0,    0) (   0,    0) (   0,    0) (   0,    0) (   0,    0) (   0,    0)
          (   0,    0) (   0,    0) (   0,    0) (   0,    0) (   0,    0) (   0,    0) (   0,    0) (   0,    0) (   0,    0) (   0,    0)
          (   0,    0) (   0,    0) (   0,    0) (   0,    0) (   0,    0) (   0,    0) (   0,    0) (   0,    0) (   0,    0) (   0,    0)
          (   0,    0) (   0,    0) (   0,    0) (   0,    0) (   0,    0) (   0,    0) (   0,    0) (   0,    0) (   0,    0) (   0,    0)
          (   0,    0) (   0,    0) (   0,    0) (   0,    0) (   0,    0) (   0,    0) (   0,    0) (   0,    0) (   0,    0) (   0,    0)
          (   0,    0) (   0,    0) (   0,    0) (   0,    0) (   0,    0) (   0,    0) (   0,    0) (   0,    0) (   0,    0) (   0,    0)
          (   0,    0) (   0,    0) (   0,    0) (   0,    0) (   0,    0) (   0,    0) (   0,    0) (   0,    0) (   0,    0) (   0,    0)
          (   0,    0) (   0,    0) (   0,    0) (   0,    0) (   0,    0) (   0,    0) (   0,    0) (   0,    0) (   0,    0) (   0,    0)
          (   0,    0) (   0,    0) (   0,    0) (   0,    0) (   0,    0) (   0,    0) (   0,    0) (   0,    0) (   0,    0) (   0,    0)
          (   0,    0) (   0,    0) (   0,    0) (   0,    0) (   0,    0) (   0,    0) (   0,    0) (   0,    0) (   0,    0) (   0,    0)
          (   0,    0) (   0,    0) (   0,    0) (   0,    0) (   0,    0) (   0,    0) (   0,    0) (   0,    0) (   0,    0) (   0,    0)
          (   0,    0) (   0,    0) (   0,    0) (   0,    0) (   0,    0) (   0,    0) (   0,    0) (   0,    0) (   0,    0) (   0,    0)
          (   0,    0) (   0,    0) (   0,    0) (   0,    0) (   0,    0) (   0,    0) (   0,    0) (   0,    0) (   0,    0) (   0,    0)
          (   0,    0) (   0,    0) (   0,    0) (   0,    0) (   0,    0) (   0,    0) (   0,    0) (   0,    0) (   0,    0) (   0,    0)
          (   0,    0) (   0,    0) (   0,    0) (   0,    0) (   0,    0) (   0,    0) (   0,    0) (   0,    0) (   0,    0) (   0,    0)
          (   0,    0) (   0,    0) (   0,    0) (   0,    0) (   0,    0) (   0,    0) (   0,    0) (   0,    0) (   0,    0) (   0,    0)
         
node  10 sent_total   7368  recv_total   7316

